[debug] [2026-05-08T02:47:54.427Z] ----------------------------------------------------------------------
[debug] [2026-05-08T02:47:54.435Z] Command:       /opt/homebrew/Cellar/node/24.5.0/bin/node /opt/homebrew/bin/firebase deploy --only functions:sendScheduledNotifications
[debug] [2026-05-08T02:47:54.435Z] CLI Version:   15.14.0
[debug] [2026-05-08T02:47:54.435Z] Platform:      darwin
[debug] [2026-05-08T02:47:54.435Z] Node Version:  v24.5.0
[debug] [2026-05-08T02:47:54.435Z] Time:          Thu May 07 2026 22:47:54 GMT-0400 (Eastern Daylight Time)
[debug] [2026-05-08T02:47:54.435Z] ----------------------------------------------------------------------
[debug] 
[debug] [2026-05-08T02:47:55.359Z] > command requires scopes: ["email","openid","https://www.googleapis.com/auth/cloudplatformprojects.readonly","https://www.googleapis.com/auth/firebase","https://www.googleapis.com/auth/cloud-platform"]
[debug] [2026-05-08T02:47:55.359Z] > authorizing via signed-in user (ebraithwaite3@gmail.com)
[debug] [2026-05-08T02:47:55.359Z] [iam] checking project calendarconnectionv2 for permissions ["cloudfunctions.functions.create","cloudfunctions.functions.delete","cloudfunctions.functions.get","cloudfunctions.functions.list","cloudfunctions.functions.update","cloudfunctions.operations.get","firebase.projects.get"]
[debug] [2026-05-08T02:47:55.360Z] Checked if tokens are valid: false, expires at: 1778129210780
[debug] [2026-05-08T02:47:55.360Z] Checked if tokens are valid: false, expires at: 1778129210780
[debug] [2026-05-08T02:47:55.360Z] > refreshing access token with scopes: []
[debug] [2026-05-08T02:47:55.361Z] >>> [apiv2][query] POST https://www.googleapis.com/oauth2/v3/token [none]
[debug] [2026-05-08T02:47:55.361Z] >>> [apiv2][body] POST https://www.googleapis.com/oauth2/v3/token [omitted]
[debug] [2026-05-08T02:47:55.547Z] <<< [apiv2][status] POST https://www.googleapis.com/oauth2/v3/token 200
[debug] [2026-05-08T02:47:55.547Z] <<< [apiv2][body] POST https://www.googleapis.com/oauth2/v3/token [omitted]
[debug] [2026-05-08T02:47:55.561Z] >>> [apiv2][query] POST https://cloudresourcemanager.googleapis.com/v1/projects/calendarconnectionv2:testIamPermissions [none]
[debug] [2026-05-08T02:47:55.561Z] >>> [apiv2][(partial)header] POST https://cloudresourcemanager.googleapis.com/v1/projects/calendarconnectionv2:testIamPermissions  x-goog-user-project=calendarconnectionv2
[debug] [2026-05-08T02:47:55.561Z] >>> [apiv2][body] POST https://cloudresourcemanager.googleapis.com/v1/projects/calendarconnectionv2:testIamPermissions {"permissions":["cloudfunctions.functions.create","cloudfunctions.functions.delete","cloudfunctions.functions.get","cloudfunctions.functions.list","cloudfunctions.functions.update","cloudfunctions.operations.get","firebase.projects.get"]}
[debug] [2026-05-08T02:47:55.748Z] <<< [apiv2][status] POST https://cloudresourcemanager.googleapis.com/v1/projects/calendarconnectionv2:testIamPermissions 200
[debug] [2026-05-08T02:47:55.749Z] <<< [apiv2][body] POST https://cloudresourcemanager.googleapis.com/v1/projects/calendarconnectionv2:testIamPermissions {"permissions":["cloudfunctions.functions.create","cloudfunctions.functions.delete","cloudfunctions.functions.get","cloudfunctions.functions.list","cloudfunctions.functions.update","cloudfunctions.operations.get","firebase.projects.get"]}
[debug] [2026-05-08T02:47:55.749Z] Checked if tokens are valid: true, expires at: 1778212074547
[debug] [2026-05-08T02:47:55.749Z] Checked if tokens are valid: true, expires at: 1778212074547
[debug] [2026-05-08T02:47:55.749Z] >>> [apiv2][query] POST https://iam.googleapis.com/v1/projects/calendarconnectionv2/serviceAccounts/calendarconnectionv2@appspot.gserviceaccount.com:testIamPermissions [none]
[debug] [2026-05-08T02:47:55.749Z] >>> [apiv2][body] POST https://iam.googleapis.com/v1/projects/calendarconnectionv2/serviceAccounts/calendarconnectionv2@appspot.gserviceaccount.com:testIamPermissions {"permissions":["iam.serviceAccounts.actAs"]}
[debug] [2026-05-08T02:47:55.989Z] <<< [apiv2][status] POST https://iam.googleapis.com/v1/projects/calendarconnectionv2/serviceAccounts/calendarconnectionv2@appspot.gserviceaccount.com:testIamPermissions 200
[debug] [2026-05-08T02:47:55.989Z] <<< [apiv2][body] POST https://iam.googleapis.com/v1/projects/calendarconnectionv2/serviceAccounts/calendarconnectionv2@appspot.gserviceaccount.com:testIamPermissions {"permissions":["iam.serviceAccounts.actAs"]}
[info] 
[info] === Deploying to 'calendarconnectionv2'...
[info] 
[info] i  deploying functions 
[info] Running command: npm --prefix "$RESOURCE_DIR" run lint
[info] ✔  functions: Finished running predeploy script. 
[debug] [2026-05-08T02:47:56.888Z] Checked if tokens are valid: true, expires at: 1778212074547
[debug] [2026-05-08T02:47:56.888Z] Checked if tokens are valid: true, expires at: 1778212074547
[debug] [2026-05-08T02:47:56.888Z] >>> [apiv2][query] GET https://cloudresourcemanager.googleapis.com/v1/projects/calendarconnectionv2 [none]
[debug] [2026-05-08T02:47:57.003Z] <<< [apiv2][status] GET https://cloudresourcemanager.googleapis.com/v1/projects/calendarconnectionv2 200
[debug] [2026-05-08T02:47:57.003Z] <<< [apiv2][body] GET https://cloudresourcemanager.googleapis.com/v1/projects/calendarconnectionv2 {"projectNumber":"569488542917","projectId":"calendarconnectionv2","lifecycleState":"ACTIVE","name":"CalendarConnectionV2","labels":{"firebase":"enabled","firebase-core":"disabled"},"createTime":"2025-08-30T02:23:29.189694Z"}
[info] i  functions: preparing codebase default for deployment 
[info] i  functions: ensuring required API cloudfunctions.googleapis.com is enabled... 
[info] i  functions: ensuring required API cloudbuild.googleapis.com is enabled... 
[info] i  artifactregistry: ensuring required API artifactregistry.googleapis.com is enabled... 
[debug] [2026-05-08T02:47:57.004Z] Checked if tokens are valid: true, expires at: 1778212074547
[debug] [2026-05-08T02:47:57.004Z] Checked if tokens are valid: true, expires at: 1778212074547
[debug] [2026-05-08T02:47:57.004Z] >>> [apiv2][query] GET https://firebase.googleapis.com/v1beta1/projects/calendarconnectionv2/adminSdkConfig [none]
[debug] [2026-05-08T02:47:57.466Z] <<< [apiv2][status] GET https://firebase.googleapis.com/v1beta1/projects/calendarconnectionv2/adminSdkConfig 200
[debug] [2026-05-08T02:47:57.466Z] <<< [apiv2][body] GET https://firebase.googleapis.com/v1beta1/projects/calendarconnectionv2/adminSdkConfig {"projectId":"calendarconnectionv2","storageBucket":"calendarconnectionv2.firebasestorage.app"}
[debug] [2026-05-08T02:47:57.469Z] Validating nodejs source
[warn] ⚠  functions: package.json indicates an outdated version of firebase-functions. Please upgrade using npm install --save firebase-functions@latest in your functions directory. 
[warn] ⚠  functions: Please note that there will be breaking changes when you upgrade. 
[debug] [2026-05-08T02:47:57.983Z] > [functions] package.json contents: {
  "name": "functions",
  "description": "Cloud Functions for Firebase",
  "scripts": {
    "lint": "eslint .",
    "serve": "firebase emulators:start --only functions",
    "shell": "firebase functions:shell",
    "start": "npm run shell",
    "deploy": "firebase deploy --only functions",
    "logs": "firebase functions:log"
  },
  "engines": {
    "node": "22"
  },
  "main": "index.js",
  "dependencies": {
    "axios": "^1.13.2",
    "cheerio": "^1.1.2",
    "dotenv": "^16.4.7",
    "firebase-admin": "^12.6.0",
    "firebase-functions": "^6.0.1",
    "googleapis": "^165.0.0",
    "ical": "^0.8.0",
    "luxon": "^3.7.2",
    "puppeteer": "^24.30.0",
    "rrule": "^2.4.1"
  },
  "devDependencies": {
    "eslint": "^8.15.0",
    "eslint-config-google": "^0.14.0",
    "firebase-functions-test": "^3.1.0"
  },
  "private": true
}
[debug] [2026-05-08T02:47:57.983Z] Building nodejs source
[info] i  functions: Loading and analyzing source code for codebase default to determine what to deploy 
[debug] [2026-05-08T02:47:57.984Z] Could not find functions.yaml. Must use http discovery
[debug] [2026-05-08T02:47:57.988Z] Found firebase-functions binary at '/Users/ericbraithwaite/my-life-apps/node_modules/.bin/firebase-functions'
[info] Serving at port 8490

[debug] [2026-05-08T02:47:59.176Z] Got response from /__/functions.yaml {"endpoints":{"getUserData":{"availableMemoryMb":null,"timeoutSeconds":null,"minInstances":null,"maxInstances":10,"ingressSettings":null,"concurrency":null,"serviceAccountEmail":null,"vpc":null,"platform":"gcfv2","labels":{},"callableTrigger":{},"entryPoint":"getUserData"},"saveUserNote":{"availableMemoryMb":null,"timeoutSeconds":null,"minInstances":null,"maxInstances":10,"ingressSettings":null,"concurrency":null,"serviceAccountEmail":null,"vpc":null,"platform":"gcfv2","labels":{},"callableTrigger":{},"entryPoint":"saveUserNote"},"echoMessage":{"availableMemoryMb":null,"timeoutSeconds":null,"minInstances":null,"maxInstances":10,"ingressSettings":null,"concurrency":null,"serviceAccountEmail":null,"vpc":null,"platform":"gcfv2","labels":{},"httpsTrigger":{},"entryPoint":"echoMessage"},"manualUpdateSchedules":{"availableMemoryMb":null,"timeoutSeconds":null,"minInstances":null,"maxInstances":10,"ingressSettings":null,"concurrency":null,"serviceAccountEmail":null,"vpc":null,"platform":"gcfv2","labels":{},"callableTrigger":{},"entryPoint":"manualUpdateSchedules"},"testScheduleSetup":{"availableMemoryMb":null,"timeoutSeconds":null,"minInstances":null,"maxInstances":10,"ingressSettings":null,"concurrency":null,"serviceAccountEmail":null,"vpc":null,"platform":"gcfv2","labels":{},"callableTrigger":{},"entryPoint":"testScheduleSetup"},"writeToCalendar":{"availableMemoryMb":null,"timeoutSeconds":null,"minInstances":null,"maxInstances":10,"ingressSettings":null,"concurrency":null,"serviceAccountEmail":null,"vpc":null,"platform":"gcfv2","secretEnvironmentVariables":[{"key":"GOOGLE_CLIENT_ID"},{"key":"GOOGLE_CLIENT_SECRET"},{"key":"GOOGLE_REFRESH_TOKEN"}],"labels":{},"httpsTrigger":{},"entryPoint":"writeToCalendar"},"updateCalendarEvent":{"availableMemoryMb":null,"timeoutSeconds":null,"minInstances":null,"maxInstances":10,"ingressSettings":null,"concurrency":null,"serviceAccountEmail":null,"vpc":null,"platform":"gcfv2","secretEnvironmentVariables":[{"key":"GOOGLE_CLIENT_ID"},{"key":"GOOGLE_CLIENT_SECRET"},{"key":"GOOGLE_REFRESH_TOKEN"}],"labels":{},"httpsTrigger":{},"entryPoint":"updateCalendarEvent"},"deleteCalendarEvent":{"availableMemoryMb":null,"timeoutSeconds":null,"minInstances":null,"maxInstances":10,"ingressSettings":null,"concurrency":null,"serviceAccountEmail":null,"vpc":null,"platform":"gcfv2","secretEnvironmentVariables":[{"key":"GOOGLE_CLIENT_ID"},{"key":"GOOGLE_CLIENT_SECRET"},{"key":"GOOGLE_REFRESH_TOKEN"}],"labels":{},"httpsTrigger":{},"entryPoint":"deleteCalendarEvent"},"syncCalendar":{"availableMemoryMb":null,"timeoutSeconds":null,"minInstances":null,"maxInstances":10,"ingressSettings":null,"concurrency":null,"serviceAccountEmail":null,"vpc":null,"platform":"gcfv2","labels":{},"callableTrigger":{},"entryPoint":"syncCalendar"},"scheduledCalendarSync":{"availableMemoryMb":256,"timeoutSeconds":null,"minInstances":null,"maxInstances":10,"ingressSettings":null,"concurrency":null,"serviceAccountEmail":null,"vpc":null,"platform":"gcfv2","labels":{},"scheduleTrigger":{"schedule":"0 6,10,14,18,22 * * *","retryConfig":{},"timeZone":"America/New_York"},"entryPoint":"scheduledCalendarSync"},"updateEPLSchedule":{"availableMemoryMb":null,"timeoutSeconds":null,"minInstances":null,"maxInstances":10,"ingressSettings":null,"concurrency":null,"serviceAccountEmail":null,"vpc":null,"platform":"gcfv2","secretEnvironmentVariables":[{"key":"GOOGLE_CLIENT_ID"},{"key":"GOOGLE_CLIENT_SECRET"},{"key":"GOOGLE_REFRESH_TOKEN"}],"labels":{},"callableTrigger":{},"entryPoint":"updateEPLSchedule"},"updateCFBSchedule":{"availableMemoryMb":null,"timeoutSeconds":null,"minInstances":null,"maxInstances":10,"ingressSettings":null,"concurrency":null,"serviceAccountEmail":null,"vpc":null,"platform":"gcfv2","secretEnvironmentVariables":[{"key":"GOOGLE_CLIENT_ID"},{"key":"GOOGLE_CLIENT_SECRET"},{"key":"GOOGLE_REFRESH_TOKEN"}],"labels":{},"callableTrigger":{},"entryPoint":"updateCFBSchedule"},"updateNCAABSchedule":{"availableMemoryMb":null,"timeoutSeconds":null,"minInstances":null,"maxInstances":10,"ingressSettings":null,"concurrency":null,"serviceAccountEmail":null,"vpc":null,"platform":"gcfv2","secretEnvironmentVariables":[{"key":"GOOGLE_CLIENT_ID"},{"key":"GOOGLE_CLIENT_SECRET"},{"key":"GOOGLE_REFRESH_TOKEN"}],"labels":{},"callableTrigger":{},"entryPoint":"updateNCAABSchedule"},"sendPushNotification":{"availableMemoryMb":null,"timeoutSeconds":null,"minInstances":null,"maxInstances":10,"ingressSettings":null,"concurrency":null,"serviceAccountEmail":null,"vpc":null,"platform":"gcfv2","labels":{},"callableTrigger":{},"entryPoint":"sendPushNotification"},"sendBatchPushNotification":{"availableMemoryMb":null,"timeoutSeconds":null,"minInstances":null,"maxInstances":10,"ingressSettings":null,"concurrency":null,"serviceAccountEmail":null,"vpc":null,"platform":"gcfv2","labels":{},"callableTrigger":{},"entryPoint":"sendBatchPushNotification"},"sendScheduledNotifications":{"availableMemoryMb":null,"timeoutSeconds":null,"minInstances":null,"maxInstances":10,"ingressSettings":null,"concurrency":null,"serviceAccountEmail":null,"vpc":null,"platform":"gcfv2","labels":{},"scheduleTrigger":{"schedule":"*/10 * * * *","retryConfig":{"retryCount":null,"maxDoublings":null,"maxRetrySeconds":null,"minBackoffSeconds":null,"maxBackoffSeconds":null},"timeZone":null},"entryPoint":"sendScheduledNotifications"},"addGroceryItems":{"availableMemoryMb":null,"timeoutSeconds":null,"minInstances":null,"maxInstances":10,"ingressSettings":null,"concurrency":null,"serviceAccountEmail":null,"vpc":null,"platform":"gcfv2","labels":{},"httpsTrigger":{},"entryPoint":"addGroceryItems"},"addToPinnedList":{"availableMemoryMb":null,"timeoutSeconds":null,"minInstances":null,"maxInstances":10,"ingressSettings":null,"concurrency":null,"serviceAccountEmail":null,"vpc":null,"platform":"gcfv2","labels":{},"httpsTrigger":{},"entryPoint":"addToPinnedList"},"addWorkout":{"availableMemoryMb":null,"timeoutSeconds":null,"minInstances":null,"maxInstances":10,"ingressSettings":null,"concurrency":null,"serviceAccountEmail":null,"vpc":null,"platform":"gcfv2","secretEnvironmentVariables":[{"key":"GOOGLE_CLIENT_ID"},{"key":"GOOGLE_CLIENT_SECRET"},{"key":"GOOGLE_REFRESH_TOKEN"}],"labels":{},"httpsTrigger":{},"entryPoint":"addWorkout"},"getCalendarEvents":{"availableMemoryMb":null,"timeoutSeconds":null,"minInstances":null,"maxInstances":10,"ingressSettings":null,"concurrency":null,"serviceAccountEmail":null,"vpc":null,"platform":"gcfv2","labels":{},"httpsTrigger":{},"entryPoint":"getCalendarEvents"},"addToChecklist":{"availableMemoryMb":null,"timeoutSeconds":null,"minInstances":null,"maxInstances":10,"ingressSettings":null,"concurrency":null,"serviceAccountEmail":null,"vpc":null,"platform":"gcfv2","labels":{},"httpsTrigger":{},"entryPoint":"addToChecklist"},"applyScheduleTemplate":{"availableMemoryMb":null,"timeoutSeconds":300,"minInstances":null,"maxInstances":10,"ingressSettings":null,"concurrency":null,"serviceAccountEmail":null,"vpc":null,"platform":"gcfv2","secretEnvironmentVariables":[{"key":"GOOGLE_CLIENT_ID"},{"key":"GOOGLE_CLIENT_SECRET"},{"key":"GOOGLE_REFRESH_TOKEN"}],"labels":{},"callableTrigger":{},"entryPoint":"applyScheduleTemplate"},"voiceTest":{"availableMemoryMb":null,"timeoutSeconds":null,"minInstances":null,"maxInstances":10,"ingressSettings":null,"concurrency":null,"serviceAccountEmail":null,"vpc":null,"platform":"gcfv2","labels":{},"httpsTrigger":{},"entryPoint":"voiceTest"},"updateTodos":{"availableMemoryMb":null,"timeoutSeconds":null,"minInstances":null,"maxInstances":10,"ingressSettings":null,"concurrency":null,"serviceAccountEmail":null,"vpc":null,"platform":"gcfv2","labels":{},"httpsTrigger":{},"entryPoint":"updateTodos"},"handleCombinedPayload":{"availableMemoryMb":null,"timeoutSeconds":null,"minInstances":null,"maxInstances":10,"ingressSettings":null,"concurrency":null,"serviceAccountEmail":null,"vpc":null,"platform":"gcfv2","labels":{},"httpsTrigger":{},"entryPoint":"handleCombinedPayload"},"createAlertAndNotification":{"availableMemoryMb":null,"timeoutSeconds":null,"minInstances":null,"maxInstances":10,"ingressSettings":null,"concurrency":null,"serviceAccountEmail":null,"vpc":null,"platform":"gcfv2","labels":{},"httpsTrigger":{},"entryPoint":"createAlertAndNotification"},"setSilentMode":{"availableMemoryMb":null,"timeoutSeconds":null,"minInstances":null,"maxInstances":10,"ingressSettings":null,"concurrency":null,"serviceAccountEmail":null,"vpc":null,"platform":"gcfv2","labels":{},"httpsTrigger":{},"entryPoint":"setSilentMode"}},"specVersion":"v1alpha1","requiredAPIs":[{"api":"cloudscheduler.googleapis.com","reason":"Needed for scheduled functions."}],"extensions":{},"params":[{"type":"secret","name":"GOOGLE_CLIENT_ID"},{"type":"secret","name":"GOOGLE_CLIENT_SECRET"},{"type":"secret","name":"GOOGLE_REFRESH_TOKEN"}]}
[info] i  extensions: ensuring required API firebaseextensions.googleapis.com is enabled... 
[debug] [2026-05-08T02:48:03.208Z] > command requires scopes: ["email","openid","https://www.googleapis.com/auth/cloudplatformprojects.readonly","https://www.googleapis.com/auth/firebase","https://www.googleapis.com/auth/cloud-platform"]
[debug] [2026-05-08T02:48:03.208Z] > authorizing via signed-in user (ebraithwaite3@gmail.com)
[debug] [2026-05-08T02:48:03.208Z] [iam] checking project calendarconnectionv2 for permissions ["firebase.projects.get","firebaseextensions.instances.list"]
[debug] [2026-05-08T02:48:03.208Z] Checked if tokens are valid: true, expires at: 1778212074547
[debug] [2026-05-08T02:48:03.208Z] Checked if tokens are valid: true, expires at: 1778212074547
[debug] [2026-05-08T02:48:03.208Z] >>> [apiv2][query] POST https://cloudresourcemanager.googleapis.com/v1/projects/calendarconnectionv2:testIamPermissions [none]
[debug] [2026-05-08T02:48:03.208Z] >>> [apiv2][(partial)header] POST https://cloudresourcemanager.googleapis.com/v1/projects/calendarconnectionv2:testIamPermissions  x-goog-user-project=calendarconnectionv2
[debug] [2026-05-08T02:48:03.208Z] >>> [apiv2][body] POST https://cloudresourcemanager.googleapis.com/v1/projects/calendarconnectionv2:testIamPermissions {"permissions":["firebase.projects.get","firebaseextensions.instances.list"]}
[debug] [2026-05-08T02:48:03.430Z] <<< [apiv2][status] POST https://cloudresourcemanager.googleapis.com/v1/projects/calendarconnectionv2:testIamPermissions 200
[debug] [2026-05-08T02:48:03.431Z] <<< [apiv2][body] POST https://cloudresourcemanager.googleapis.com/v1/projects/calendarconnectionv2:testIamPermissions {"permissions":["firebase.projects.get","firebaseextensions.instances.list"]}
[debug] [2026-05-08T02:48:03.431Z] Checked if tokens are valid: true, expires at: 1778212074547
[debug] [2026-05-08T02:48:03.431Z] Checked if tokens are valid: true, expires at: 1778212074547
[debug] [2026-05-08T02:48:03.432Z] >>> [apiv2][query] GET https://firebaseextensions.googleapis.com/v1beta/projects/calendarconnectionv2/instances pageSize=100&pageToken=
[debug] [2026-05-08T02:48:03.820Z] <<< [apiv2][status] GET https://firebaseextensions.googleapis.com/v1beta/projects/calendarconnectionv2/instances 200
[debug] [2026-05-08T02:48:03.820Z] <<< [apiv2][body] GET https://firebaseextensions.googleapis.com/v1beta/projects/calendarconnectionv2/instances {}
[info] i  functions: Loaded environment variables from .env. 
[debug] [2026-05-08T02:48:03.823Z] Checked if tokens are valid: true, expires at: 1778212074547
[debug] [2026-05-08T02:48:03.823Z] Checked if tokens are valid: true, expires at: 1778212074547
[debug] [2026-05-08T02:48:03.824Z] >>> [apiv2][query] GET https://secretmanager.googleapis.com/v1/projects/calendarconnectionv2/secrets/GOOGLE_CLIENT_ID [none]
[debug] [2026-05-08T02:48:04.019Z] <<< [apiv2][status] GET https://secretmanager.googleapis.com/v1/projects/calendarconnectionv2/secrets/GOOGLE_CLIENT_ID 200
[debug] [2026-05-08T02:48:04.020Z] <<< [apiv2][body] GET https://secretmanager.googleapis.com/v1/projects/calendarconnectionv2/secrets/GOOGLE_CLIENT_ID {"name":"projects/569488542917/secrets/GOOGLE_CLIENT_ID","replication":{"automatic":{}},"createTime":"2025-11-19T04:15:55.018788Z","labels":{"firebase-managed":"functions"},"etag":"\"1643ead633ac61\""}
[debug] [2026-05-08T02:48:04.021Z] Checked if tokens are valid: true, expires at: 1778212074547
[debug] [2026-05-08T02:48:04.021Z] Checked if tokens are valid: true, expires at: 1778212074547
[debug] [2026-05-08T02:48:04.021Z] >>> [apiv2][query] GET https://secretmanager.googleapis.com/v1/projects/calendarconnectionv2/secrets/GOOGLE_CLIENT_ID/versions/latest [none]
[debug] [2026-05-08T02:48:04.104Z] <<< [apiv2][status] GET https://secretmanager.googleapis.com/v1/projects/calendarconnectionv2/secrets/GOOGLE_CLIENT_ID/versions/latest 200
[debug] [2026-05-08T02:48:04.104Z] <<< [apiv2][body] GET https://secretmanager.googleapis.com/v1/projects/calendarconnectionv2/secrets/GOOGLE_CLIENT_ID/versions/latest {"name":"projects/569488542917/secrets/GOOGLE_CLIENT_ID/versions/2","createTime":"2025-11-19T04:51:55.181960Z","state":"ENABLED","replicationStatus":{"automatic":{}},"etag":"\"1643eb56ef9788\""}
[debug] [2026-05-08T02:48:04.104Z] Checked if tokens are valid: true, expires at: 1778212074547
[debug] [2026-05-08T02:48:04.104Z] Checked if tokens are valid: true, expires at: 1778212074547
[debug] [2026-05-08T02:48:04.104Z] >>> [apiv2][query] GET https://secretmanager.googleapis.com/v1/projects/calendarconnectionv2/secrets/GOOGLE_CLIENT_SECRET [none]
[debug] [2026-05-08T02:48:04.198Z] <<< [apiv2][status] GET https://secretmanager.googleapis.com/v1/projects/calendarconnectionv2/secrets/GOOGLE_CLIENT_SECRET 200
[debug] [2026-05-08T02:48:04.198Z] <<< [apiv2][body] GET https://secretmanager.googleapis.com/v1/projects/calendarconnectionv2/secrets/GOOGLE_CLIENT_SECRET {"name":"projects/569488542917/secrets/GOOGLE_CLIENT_SECRET","replication":{"automatic":{}},"createTime":"2025-11-19T04:16:19.670429Z","labels":{"firebase-managed":"functions"},"etag":"\"1643ead7aae894\""}
[debug] [2026-05-08T02:48:04.198Z] Checked if tokens are valid: true, expires at: 1778212074547
[debug] [2026-05-08T02:48:04.198Z] Checked if tokens are valid: true, expires at: 1778212074547
[debug] [2026-05-08T02:48:04.198Z] >>> [apiv2][query] GET https://secretmanager.googleapis.com/v1/projects/calendarconnectionv2/secrets/GOOGLE_CLIENT_SECRET/versions/latest [none]
[debug] [2026-05-08T02:48:04.292Z] <<< [apiv2][status] GET https://secretmanager.googleapis.com/v1/projects/calendarconnectionv2/secrets/GOOGLE_CLIENT_SECRET/versions/latest 200
[debug] [2026-05-08T02:48:04.292Z] <<< [apiv2][body] GET https://secretmanager.googleapis.com/v1/projects/calendarconnectionv2/secrets/GOOGLE_CLIENT_SECRET/versions/latest {"name":"projects/569488542917/secrets/GOOGLE_CLIENT_SECRET/versions/2","createTime":"2025-11-19T04:52:19.235312Z","state":"ENABLED","replicationStatus":{"automatic":{}},"etag":"\"1643eb585e9df0\""}
[debug] [2026-05-08T02:48:04.292Z] Checked if tokens are valid: true, expires at: 1778212074547
[debug] [2026-05-08T02:48:04.293Z] Checked if tokens are valid: true, expires at: 1778212074547
[debug] [2026-05-08T02:48:04.293Z] >>> [apiv2][query] GET https://secretmanager.googleapis.com/v1/projects/calendarconnectionv2/secrets/GOOGLE_REFRESH_TOKEN [none]
[debug] [2026-05-08T02:48:04.379Z] <<< [apiv2][status] GET https://secretmanager.googleapis.com/v1/projects/calendarconnectionv2/secrets/GOOGLE_REFRESH_TOKEN 200
[debug] [2026-05-08T02:48:04.379Z] <<< [apiv2][body] GET https://secretmanager.googleapis.com/v1/projects/calendarconnectionv2/secrets/GOOGLE_REFRESH_TOKEN {"name":"projects/569488542917/secrets/GOOGLE_REFRESH_TOKEN","replication":{"automatic":{}},"createTime":"2025-11-19T04:16:40.293607Z","labels":{"firebase-managed":"functions"},"etag":"\"1643ead8e583fa\""}
[debug] [2026-05-08T02:48:04.379Z] Checked if tokens are valid: true, expires at: 1778212074547
[debug] [2026-05-08T02:48:04.379Z] Checked if tokens are valid: true, expires at: 1778212074547
[debug] [2026-05-08T02:48:04.379Z] >>> [apiv2][query] GET https://secretmanager.googleapis.com/v1/projects/calendarconnectionv2/secrets/GOOGLE_REFRESH_TOKEN/versions/latest [none]
[debug] [2026-05-08T02:48:04.475Z] <<< [apiv2][status] GET https://secretmanager.googleapis.com/v1/projects/calendarconnectionv2/secrets/GOOGLE_REFRESH_TOKEN/versions/latest 200
[debug] [2026-05-08T02:48:04.475Z] <<< [apiv2][body] GET https://secretmanager.googleapis.com/v1/projects/calendarconnectionv2/secrets/GOOGLE_REFRESH_TOKEN/versions/latest {"name":"projects/569488542917/secrets/GOOGLE_REFRESH_TOKEN/versions/3","createTime":"2025-11-28T16:33:58.445207Z","state":"ENABLED","replicationStatus":{"automatic":{}},"etag":"\"1644aa323ff497\""}
[info] i  functions: preparing functions directory for uploading... 
[info] i  functions: packaged /Users/ericbraithwaite/my-life-apps/functions (75.41 KB) for uploading 
[debug] [2026-05-08T02:48:04.514Z] Checked if tokens are valid: true, expires at: 1778212074547
[debug] [2026-05-08T02:48:04.514Z] Checked if tokens are valid: true, expires at: 1778212074547
[debug] [2026-05-08T02:48:04.514Z] >>> [apiv2][query] GET https://cloudfunctions.googleapis.com/v1/projects/calendarconnectionv2/locations/-/functions [none]
[debug] [2026-05-08T02:48:05.246Z] <<< [apiv2][status] GET https://cloudfunctions.googleapis.com/v1/projects/calendarconnectionv2/locations/-/functions 200
[debug] [2026-05-08T02:48:05.246Z] <<< [apiv2][body] GET https://cloudfunctions.googleapis.com/v1/projects/calendarconnectionv2/locations/-/functions {}
[debug] [2026-05-08T02:48:05.247Z] Checked if tokens are valid: true, expires at: 1778212074547
[debug] [2026-05-08T02:48:05.247Z] Checked if tokens are valid: true, expires at: 1778212074547
[debug] [2026-05-08T02:48:05.247Z] >>> [apiv2][query] GET https://cloudfunctions.googleapis.com/v2/projects/calendarconnectionv2/locations/-/functions filter=environment%3D%22GEN_2%22
[debug] [2026-05-08T02:48:05.741Z] <<< [apiv2][status] GET https://cloudfunctions.googleapis.com/v2/projects/calendarconnectionv2/locations/-/functions 200
[debug] [2026-05-08T02:48:05.742Z] <<< [apiv2][body] GET https://cloudfunctions.googleapis.com/v2/projects/calendarconnectionv2/locations/-/functions {"functions":[{"name":"projects/calendarconnectionv2/locations/us-central1/functions/deleteCalendarEvent","buildConfig":{"build":"projects/569488542917/locations/us-central1/builds/572a95c7-2b83-4e10-9499-fd1a940b1637","runtime":"nodejs22","entryPoint":"deleteCalendarEvent","source":{"storageSource":{"bucket":"gcf-v2-sources-569488542917-us-central1","object":"deleteCalendarEvent/function-source.zip","generation":"1778125623295224"}},"environmentVariables":{"GOOGLE_NODE_RUN_SCRIPTS":""},"dockerRepository":"projects/calendarconnectionv2/locations/us-central1/repositories/gcf-artifacts","sourceProvenance":{"resolvedStorageSource":{"bucket":"gcf-v2-sources-569488542917-us-central1","object":"deleteCalendarEvent/function-source.zip","generation":"1778125623295224"}},"dockerRegistry":"ARTIFACT_REGISTRY","serviceAccount":"projects/calendarconnectionv2/serviceAccounts/569488542917-compute@developer.gserviceaccount.com","automaticUpdatePolicy":{}},"serviceConfig":{"service":"projects/calendarconnectionv2/locations/us-central1/services/deletecalendarevent","timeoutSeconds":60,"environmentVariables":{"CALENDAR_ID_1":"primary","CALENDAR_ID_2":"your-second-calendar-id@group.calendar.google.com","FIREBASE_CONFIG":"{\"projectId\":\"calendarconnectionv2\",\"storageBucket\":\"calendarconnectionv2.firebasestorage.app\"}","GCLOUD_PROJECT":"calendarconnectionv2","EVENTARC_CLOUD_EVENT_SOURCE":"projects/calendarconnectionv2/locations/us-central1/services/deleteCalendarEvent","FUNCTION_TARGET":"deleteCalendarEvent","LOG_EXECUTION_ID":"true","FUNCTION_SIGNATURE_TYPE":"http"},"maxInstanceCount":10,"ingressSettings":"ALLOW_ALL","uri":"https://deletecalendarevent-mfozvfk4lq-uc.a.run.app","serviceAccountEmail":"569488542917-compute@developer.gserviceaccount.com","availableMemory":"256Mi","allTrafficOnLatestRevision":true,"secretEnvironmentVariables":[{"key":"GOOGLE_CLIENT_ID","projectId":"calendarconnectionv2","secret":"GOOGLE_CLIENT_ID","version":"2"},{"key":"GOOGLE_CLIENT_SECRET","projectId":"calendarconnectionv2","secret":"GOOGLE_CLIENT_SECRET","version":"2"},{"key":"GOOGLE_REFRESH_TOKEN","projectId":"calendarconnectionv2","secret":"GOOGLE_REFRESH_TOKEN","version":"3"}],"revision":"deletecalendarevent-00033-xub","maxInstanceRequestConcurrency":80,"availableCpu":"1"},"state":"ACTIVE","updateTime":"2026-05-07T03:47:35.838346275Z","labels":{"deployment-tool":"cli-firebase","firebase-functions-hash":"57912ff3cdec501963d58d5c9a8bade9b93b571a"},"environment":"GEN_2","url":"https://us-central1-calendarconnectionv2.cloudfunctions.net/deleteCalendarEvent","createTime":"2025-11-19T02:14:55.532214774Z","satisfiesPzi":true},{"name":"projects/calendarconnectionv2/locations/us-central1/functions/sendScheduledNotifications","buildConfig":{"build":"projects/569488542917/locations/us-central1/builds/bdb18f63-8b61-463e-9519-b6ba34a61261","runtime":"nodejs22","entryPoint":"sendScheduledNotifications","source":{"storageSource":{"bucket":"gcf-v2-sources-569488542917-us-central1","object":"sendScheduledNotifications/function-source.zip","generation":"1778126144811438"}},"environmentVariables":{"GOOGLE_NODE_RUN_SCRIPTS":""},"dockerRepository":"projects/calendarconnectionv2/locations/us-central1/repositories/gcf-artifacts","sourceProvenance":{"resolvedStorageSource":{"bucket":"gcf-v2-sources-569488542917-us-central1","object":"sendScheduledNotifications/function-source.zip","generation":"1778126144811438"}},"dockerRegistry":"ARTIFACT_REGISTRY","serviceAccount":"projects/calendarconnectionv2/serviceAccounts/569488542917-compute@developer.gserviceaccount.com","automaticUpdatePolicy":{}},"serviceConfig":{"service":"projects/calendarconnectionv2/locations/us-central1/services/sendschedulednotifications","timeoutSeconds":60,"environmentVariables":{"CALENDAR_ID_1":"primary","CALENDAR_ID_2":"your-second-calendar-id@group.calendar.google.com","FIREBASE_CONFIG":"{\"projectId\":\"calendarconnectionv2\",\"storageBucket\":\"calendarconnectionv2.firebasestorage.app\"}","GCLOUD_PROJECT":"calendarconnectionv2","EVENTARC_CLOUD_EVENT_SOURCE":"projects/calendarconnectionv2/locations/us-central1/services/sendScheduledNotifications","FUNCTION_TARGET":"sendScheduledNotifications","LOG_EXECUTION_ID":"true"},"maxInstanceCount":10,"ingressSettings":"ALLOW_ALL","uri":"https://sendschedulednotifications-mfozvfk4lq-uc.a.run.app","serviceAccountEmail":"569488542917-compute@developer.gserviceaccount.com","availableMemory":"256Mi","allTrafficOnLatestRevision":true,"revision":"sendschedulednotifications-00028-tan","maxInstanceRequestConcurrency":80,"availableCpu":"1"},"state":"ACTIVE","updateTime":"2026-05-07T03:57:57.460945291Z","labels":{"deployment-scheduled":"true","firebase-functions-hash":"5184e88a4134e30eac4ca3e4ec0dcc229414abf3","deployment-tool":"cli-firebase"},"environment":"GEN_2","url":"https://us-central1-calendarconnectionv2.cloudfunctions.net/sendScheduledNotifications","createTime":"2025-11-20T01:46:43.970467325Z","satisfiesPzi":true},{"name":"projects/calendarconnectionv2/locations/us-central1/functions/addToPinnedList","buildConfig":{"build":"projects/569488542917/locations/us-central1/builds/572a95c7-2b83-4e10-9499-fd1a940b1637","runtime":"nodejs22","entryPoint":"addToPinnedList","source":{"storageSource":{"bucket":"gcf-v2-sources-569488542917-us-central1","object":"addToPinnedList/function-source.zip","generation":"1778125623279783"}},"environmentVariables":{"GOOGLE_NODE_RUN_SCRIPTS":""},"dockerRepository":"projects/calendarconnectionv2/locations/us-central1/repositories/gcf-artifacts","sourceProvenance":{"resolvedStorageSource":{"bucket":"gcf-v2-sources-569488542917-us-central1","object":"addToPinnedList/function-source.zip","generation":"1778125623279783"}},"dockerRegistry":"ARTIFACT_REGISTRY","serviceAccount":"projects/calendarconnectionv2/serviceAccounts/569488542917-compute@developer.gserviceaccount.com","automaticUpdatePolicy":{}},"serviceConfig":{"service":"projects/calendarconnectionv2/locations/us-central1/services/addtopinnedlist","timeoutSeconds":60,"environmentVariables":{"CALENDAR_ID_1":"primary","CALENDAR_ID_2":"your-second-calendar-id@group.calendar.google.com","FIREBASE_CONFIG":"{\"projectId\":\"calendarconnectionv2\",\"storageBucket\":\"calendarconnectionv2.firebasestorage.app\"}","GCLOUD_PROJECT":"calendarconnectionv2","EVENTARC_CLOUD_EVENT_SOURCE":"projects/calendarconnectionv2/locations/us-central1/services/addToPinnedList","FUNCTION_TARGET":"addToPinnedList","LOG_EXECUTION_ID":"true","FUNCTION_SIGNATURE_TYPE":"http"},"maxInstanceCount":10,"ingressSettings":"ALLOW_ALL","uri":"https://addtopinnedlist-mfozvfk4lq-uc.a.run.app","serviceAccountEmail":"569488542917-compute@developer.gserviceaccount.com","availableMemory":"256Mi","allTrafficOnLatestRevision":true,"revision":"addtopinnedlist-00013-ved","maxInstanceRequestConcurrency":80,"availableCpu":"1"},"state":"ACTIVE","updateTime":"2026-05-07T03:47:36.386219776Z","labels":{"deployment-tool":"cli-firebase","firebase-functions-hash":"6d317faeb1e88d98b558f9441b3ab2a279a6ae94"},"environment":"GEN_2","url":"https://us-central1-calendarconnectionv2.cloudfunctions.net/addToPinnedList","createTime":"2026-02-21T04:20:37.519315615Z","satisfiesPzi":true},{"name":"projects/calendarconnectionv2/locations/us-central1/functions/setSilentMode","buildConfig":{"build":"projects/569488542917/locations/us-central1/builds/572a95c7-2b83-4e10-9499-fd1a940b1637","runtime":"nodejs22","entryPoint":"setSilentMode","source":{"storageSource":{"bucket":"gcf-v2-sources-569488542917-us-central1","object":"setSilentMode/function-source.zip","generation":"1778125623272198"}},"environmentVariables":{"GOOGLE_NODE_RUN_SCRIPTS":""},"dockerRepository":"projects/calendarconnectionv2/locations/us-central1/repositories/gcf-artifacts","sourceProvenance":{"resolvedStorageSource":{"bucket":"gcf-v2-sources-569488542917-us-central1","object":"setSilentMode/function-source.zip","generation":"1778125623272198"}},"dockerRegistry":"ARTIFACT_REGISTRY","serviceAccount":"projects/calendarconnectionv2/serviceAccounts/569488542917-compute@developer.gserviceaccount.com","automaticUpdatePolicy":{}},"serviceConfig":{"service":"projects/calendarconnectionv2/locations/us-central1/services/setsilentmode","timeoutSeconds":60,"environmentVariables":{"CALENDAR_ID_1":"primary","CALENDAR_ID_2":"your-second-calendar-id@group.calendar.google.com","FIREBASE_CONFIG":"{\"projectId\":\"calendarconnectionv2\",\"storageBucket\":\"calendarconnectionv2.firebasestorage.app\"}","GCLOUD_PROJECT":"calendarconnectionv2","EVENTARC_CLOUD_EVENT_SOURCE":"projects/calendarconnectionv2/locations/us-central1/services/setSilentMode","FUNCTION_TARGET":"setSilentMode","LOG_EXECUTION_ID":"true","FUNCTION_SIGNATURE_TYPE":"http"},"maxInstanceCount":10,"ingressSettings":"ALLOW_ALL","uri":"https://setsilentmode-mfozvfk4lq-uc.a.run.app","serviceAccountEmail":"569488542917-compute@developer.gserviceaccount.com","availableMemory":"256Mi","allTrafficOnLatestRevision":true,"revision":"setsilentmode-00006-zuk","maxInstanceRequestConcurrency":80,"availableCpu":"1"},"state":"ACTIVE","updateTime":"2026-05-07T03:47:35.021845530Z","labels":{"deployment-tool":"cli-firebase","firebase-functions-hash":"6d317faeb1e88d98b558f9441b3ab2a279a6ae94"},"environment":"GEN_2","url":"https://us-central1-calendarconnectionv2.cloudfunctions.net/setSilentMode","createTime":"2026-05-02T11:32:57.696402432Z","satisfiesPzi":true},{"name":"projects/calendarconnectionv2/locations/us-central1/functions/scheduledCalendarSync","buildConfig":{"build":"projects/569488542917/locations/us-central1/builds/a62c8464-1d9c-4cb3-ac10-6f76ec4764f9","runtime":"nodejs22","entryPoint":"scheduledCalendarSync","source":{"storageSource":{"bucket":"gcf-v2-sources-569488542917-us-central1","object":"scheduledCalendarSync/function-source.zip","generation":"1778125513516201"}},"environmentVariables":{"GOOGLE_NODE_RUN_SCRIPTS":""},"dockerRepository":"projects/calendarconnectionv2/locations/us-central1/repositories/gcf-artifacts","sourceProvenance":{"resolvedStorageSource":{"bucket":"gcf-v2-sources-569488542917-us-central1","object":"scheduledCalendarSync/function-source.zip","generation":"1778125513516201"}},"dockerRegistry":"ARTIFACT_REGISTRY","serviceAccount":"projects/calendarconnectionv2/serviceAccounts/569488542917-compute@developer.gserviceaccount.com","automaticUpdatePolicy":{}},"serviceConfig":{"service":"projects/calendarconnectionv2/locations/us-central1/services/scheduledcalendarsync","timeoutSeconds":60,"environmentVariables":{"CALENDAR_ID_1":"primary","CALENDAR_ID_2":"your-second-calendar-id@group.calendar.google.com","FIREBASE_CONFIG":"{\"projectId\":\"calendarconnectionv2\",\"storageBucket\":\"calendarconnectionv2.firebasestorage.app\"}","GCLOUD_PROJECT":"calendarconnectionv2","EVENTARC_CLOUD_EVENT_SOURCE":"projects/calendarconnectionv2/locations/us-central1/services/scheduledCalendarSync","FUNCTION_TARGET":"scheduledCalendarSync","LOG_EXECUTION_ID":"true"},"maxInstanceCount":10,"ingressSettings":"ALLOW_ALL","uri":"https://scheduledcalendarsync-mfozvfk4lq-uc.a.run.app","serviceAccountEmail":"569488542917-compute@developer.gserviceaccount.com","availableMemory":"256Mi","allTrafficOnLatestRevision":true,"revision":"scheduledcalendarsync-00019-cug","maxInstanceRequestConcurrency":80,"availableCpu":"1"},"state":"ACTIVE","updateTime":"2026-05-07T03:47:34.727592555Z","labels":{"firebase-functions-hash":"6d317faeb1e88d98b558f9441b3ab2a279a6ae94","deployment-tool":"cli-firebase","deployment-scheduled":"true"},"environment":"GEN_2","url":"https://us-central1-calendarconnectionv2.cloudfunctions.net/scheduledCalendarSync","createTime":"2025-12-30T17:36:37.210203613Z","satisfiesPzi":true},{"name":"projects/calendarconnectionv2/locations/us-central1/functions/addGroceryItems","buildConfig":{"build":"projects/569488542917/locations/us-central1/builds/572a95c7-2b83-4e10-9499-fd1a940b1637","runtime":"nodejs22","entryPoint":"addGroceryItems","source":{"storageSource":{"bucket":"gcf-v2-sources-569488542917-us-central1","object":"addGroceryItems/function-source.zip","generation":"1778125623252762"}},"environmentVariables":{"GOOGLE_NODE_RUN_SCRIPTS":""},"dockerRepository":"projects/calendarconnectionv2/locations/us-central1/repositories/gcf-artifacts","sourceProvenance":{"resolvedStorageSource":{"bucket":"gcf-v2-sources-569488542917-us-central1","object":"addGroceryItems/function-source.zip","generation":"1778125623252762"}},"dockerRegistry":"ARTIFACT_REGISTRY","serviceAccount":"projects/calendarconnectionv2/serviceAccounts/569488542917-compute@developer.gserviceaccount.com","automaticUpdatePolicy":{}},"serviceConfig":{"service":"projects/calendarconnectionv2/locations/us-central1/services/addgroceryitems","timeoutSeconds":60,"environmentVariables":{"CALENDAR_ID_1":"primary","CALENDAR_ID_2":"your-second-calendar-id@group.calendar.google.com","FIREBASE_CONFIG":"{\"projectId\":\"calendarconnectionv2\",\"storageBucket\":\"calendarconnectionv2.firebasestorage.app\"}","GCLOUD_PROJECT":"calendarconnectionv2","EVENTARC_CLOUD_EVENT_SOURCE":"projects/calendarconnectionv2/locations/us-central1/services/addGroceryItems","FUNCTION_TARGET":"addGroceryItems","LOG_EXECUTION_ID":"true","FUNCTION_SIGNATURE_TYPE":"http"},"maxInstanceCount":10,"ingressSettings":"ALLOW_ALL","uri":"https://addgroceryitems-mfozvfk4lq-uc.a.run.app","serviceAccountEmail":"569488542917-compute@developer.gserviceaccount.com","availableMemory":"256Mi","allTrafficOnLatestRevision":true,"revision":"addgroceryitems-00016-lev","maxInstanceRequestConcurrency":80,"availableCpu":"1"},"state":"ACTIVE","updateTime":"2026-05-07T03:47:35.209405705Z","labels":{"deployment-tool":"cli-firebase","firebase-functions-hash":"6d317faeb1e88d98b558f9441b3ab2a279a6ae94"},"environment":"GEN_2","url":"https://us-central1-calendarconnectionv2.cloudfunctions.net/addGroceryItems","createTime":"2026-01-31T13:37:05.202937787Z","satisfiesPzi":true},{"name":"projects/calendarconnectionv2/locations/us-central1/functions/updateNCAABSchedule","buildConfig":{"build":"projects/569488542917/locations/us-central1/builds/572a95c7-2b83-4e10-9499-fd1a940b1637","runtime":"nodejs22","entryPoint":"updateNCAABSchedule","source":{"storageSource":{"bucket":"gcf-v2-sources-569488542917-us-central1","object":"updateNCAABSchedule/function-source.zip","generation":"1778125623297296"}},"environmentVariables":{"GOOGLE_NODE_RUN_SCRIPTS":""},"dockerRepository":"projects/calendarconnectionv2/locations/us-central1/repositories/gcf-artifacts","sourceProvenance":{"resolvedStorageSource":{"bucket":"gcf-v2-sources-569488542917-us-central1","object":"updateNCAABSchedule/function-source.zip","generation":"1778125623297296"}},"dockerRegistry":"ARTIFACT_REGISTRY","serviceAccount":"projects/calendarconnectionv2/serviceAccounts/569488542917-compute@developer.gserviceaccount.com","automaticUpdatePolicy":{}},"serviceConfig":{"service":"projects/calendarconnectionv2/locations/us-central1/services/updatencaabschedule","timeoutSeconds":60,"environmentVariables":{"CALENDAR_ID_1":"primary","CALENDAR_ID_2":"your-second-calendar-id@group.calendar.google.com","FIREBASE_CONFIG":"{\"projectId\":\"calendarconnectionv2\",\"storageBucket\":\"calendarconnectionv2.firebasestorage.app\"}","GCLOUD_PROJECT":"calendarconnectionv2","EVENTARC_CLOUD_EVENT_SOURCE":"projects/calendarconnectionv2/locations/us-central1/services/updateNCAABSchedule","FUNCTION_TARGET":"updateNCAABSchedule","LOG_EXECUTION_ID":"true","FUNCTION_SIGNATURE_TYPE":"http"},"maxInstanceCount":10,"ingressSettings":"ALLOW_ALL","uri":"https://updatencaabschedule-mfozvfk4lq-uc.a.run.app","serviceAccountEmail":"569488542917-compute@developer.gserviceaccount.com","availableMemory":"256Mi","allTrafficOnLatestRevision":true,"secretEnvironmentVariables":[{"key":"GOOGLE_CLIENT_ID","projectId":"calendarconnectionv2","secret":"GOOGLE_CLIENT_ID","version":"2"},{"key":"GOOGLE_CLIENT_SECRET","projectId":"calendarconnectionv2","secret":"GOOGLE_CLIENT_SECRET","version":"2"},{"key":"GOOGLE_REFRESH_TOKEN","projectId":"calendarconnectionv2","secret":"GOOGLE_REFRESH_TOKEN","version":"3"}],"revision":"updatencaabschedule-00025-dit","maxInstanceRequestConcurrency":80,"availableCpu":"1"},"state":"ACTIVE","updateTime":"2026-05-07T03:47:35.806952078Z","labels":{"deployment-tool":"cli-firebase","deployment-callable":"true","firebase-functions-hash":"57912ff3cdec501963d58d5c9a8bade9b93b571a"},"environment":"GEN_2","url":"https://us-central1-calendarconnectionv2.cloudfunctions.net/updateNCAABSchedule","createTime":"2025-11-19T20:42:17.759427342Z","satisfiesPzi":true},{"name":"projects/calendarconnectionv2/locations/us-central1/functions/updateTodos","buildConfig":{"build":"projects/569488542917/locations/us-central1/builds/572a95c7-2b83-4e10-9499-fd1a940b1637","runtime":"nodejs22","entryPoint":"updateTodos","source":{"storageSource":{"bucket":"gcf-v2-sources-569488542917-us-central1","object":"updateTodos/function-source.zip","generation":"1778125623291891"}},"environmentVariables":{"GOOGLE_NODE_RUN_SCRIPTS":""},"dockerRepository":"projects/calendarconnectionv2/locations/us-central1/repositories/gcf-artifacts","sourceProvenance":{"resolvedStorageSource":{"bucket":"gcf-v2-sources-569488542917-us-central1","object":"updateTodos/function-source.zip","generation":"1778125623291891"}},"dockerRegistry":"ARTIFACT_REGISTRY","serviceAccount":"projects/calendarconnectionv2/serviceAccounts/569488542917-compute@developer.gserviceaccount.com","automaticUpdatePolicy":{}},"serviceConfig":{"service":"projects/calendarconnectionv2/locations/us-central1/services/updatetodos","timeoutSeconds":60,"environmentVariables":{"CALENDAR_ID_1":"primary","CALENDAR_ID_2":"your-second-calendar-id@group.calendar.google.com","FIREBASE_CONFIG":"{\"projectId\":\"calendarconnectionv2\",\"storageBucket\":\"calendarconnectionv2.firebasestorage.app\"}","GCLOUD_PROJECT":"calendarconnectionv2","EVENTARC_CLOUD_EVENT_SOURCE":"projects/calendarconnectionv2/locations/us-central1/services/updateTodos","FUNCTION_TARGET":"updateTodos","LOG_EXECUTION_ID":"true","FUNCTION_SIGNATURE_TYPE":"http"},"maxInstanceCount":10,"ingressSettings":"ALLOW_ALL","uri":"https://updatetodos-mfozvfk4lq-uc.a.run.app","serviceAccountEmail":"569488542917-compute@developer.gserviceaccount.com","availableMemory":"256Mi","allTrafficOnLatestRevision":true,"revision":"updatetodos-00007-qeg","maxInstanceRequestConcurrency":80,"availableCpu":"1"},"state":"ACTIVE","updateTime":"2026-05-07T03:47:36.311248506Z","labels":{"deployment-tool":"cli-firebase","firebase-functions-hash":"6d317faeb1e88d98b558f9441b3ab2a279a6ae94"},"environment":"GEN_2","url":"https://us-central1-calendarconnectionv2.cloudfunctions.net/updateTodos","createTime":"2026-04-30T01:10:22.668984046Z","satisfiesPzi":true},{"name":"projects/calendarconnectionv2/locations/us-central1/functions/addToChecklist","buildConfig":{"build":"projects/569488542917/locations/us-central1/builds/572a95c7-2b83-4e10-9499-fd1a940b1637","runtime":"nodejs22","entryPoint":"addToChecklist","source":{"storageSource":{"bucket":"gcf-v2-sources-569488542917-us-central1","object":"addToChecklist/function-source.zip","generation":"1778125623326339"}},"environmentVariables":{"GOOGLE_NODE_RUN_SCRIPTS":""},"dockerRepository":"projects/calendarconnectionv2/locations/us-central1/repositories/gcf-artifacts","sourceProvenance":{"resolvedStorageSource":{"bucket":"gcf-v2-sources-569488542917-us-central1","object":"addToChecklist/function-source.zip","generation":"1778125623326339"}},"dockerRegistry":"ARTIFACT_REGISTRY","serviceAccount":"projects/calendarconnectionv2/serviceAccounts/569488542917-compute@developer.gserviceaccount.com","automaticUpdatePolicy":{}},"serviceConfig":{"service":"projects/calendarconnectionv2/locations/us-central1/services/addtochecklist","timeoutSeconds":60,"environmentVariables":{"CALENDAR_ID_1":"primary","CALENDAR_ID_2":"your-second-calendar-id@group.calendar.google.com","FIREBASE_CONFIG":"{\"projectId\":\"calendarconnectionv2\",\"storageBucket\":\"calendarconnectionv2.firebasestorage.app\"}","GCLOUD_PROJECT":"calendarconnectionv2","EVENTARC_CLOUD_EVENT_SOURCE":"projects/calendarconnectionv2/locations/us-central1/services/addToChecklist","FUNCTION_TARGET":"addToChecklist","LOG_EXECUTION_ID":"true","FUNCTION_SIGNATURE_TYPE":"http"},"maxInstanceCount":10,"ingressSettings":"ALLOW_ALL","uri":"https://addtochecklist-mfozvfk4lq-uc.a.run.app","serviceAccountEmail":"569488542917-compute@developer.gserviceaccount.com","availableMemory":"256Mi","allTrafficOnLatestRevision":true,"revision":"addtochecklist-00007-mud","maxInstanceRequestConcurrency":80,"availableCpu":"1"},"state":"ACTIVE","updateTime":"2026-05-07T03:47:35.237111521Z","labels":{"deployment-tool":"cli-firebase","firebase-functions-hash":"6d317faeb1e88d98b558f9441b3ab2a279a6ae94"},"environment":"GEN_2","url":"https://us-central1-calendarconnectionv2.cloudfunctions.net/addToChecklist","createTime":"2026-04-24T16:30:01.235206868Z","satisfiesPzi":true},{"name":"projects/calendarconnectionv2/locations/us-central1/functions/writeToCalendar","buildConfig":{"build":"projects/569488542917/locations/us-central1/builds/572a95c7-2b83-4e10-9499-fd1a940b1637","runtime":"nodejs22","entryPoint":"writeToCalendar","source":{"storageSource":{"bucket":"gcf-v2-sources-569488542917-us-central1","object":"writeToCalendar/function-source.zip","generation":"1778125623299789"}},"environmentVariables":{"GOOGLE_NODE_RUN_SCRIPTS":""},"dockerRepository":"projects/calendarconnectionv2/locations/us-central1/repositories/gcf-artifacts","sourceProvenance":{"resolvedStorageSource":{"bucket":"gcf-v2-sources-569488542917-us-central1","object":"writeToCalendar/function-source.zip","generation":"1778125623299789"}},"dockerRegistry":"ARTIFACT_REGISTRY","serviceAccount":"projects/calendarconnectionv2/serviceAccounts/569488542917-compute@developer.gserviceaccount.com","automaticUpdatePolicy":{}},"serviceConfig":{"service":"projects/calendarconnectionv2/locations/us-central1/services/writetocalendar","timeoutSeconds":60,"environmentVariables":{"CALENDAR_ID_1":"primary","CALENDAR_ID_2":"your-second-calendar-id@group.calendar.google.com","FIREBASE_CONFIG":"{\"projectId\":\"calendarconnectionv2\",\"storageBucket\":\"calendarconnectionv2.firebasestorage.app\"}","GCLOUD_PROJECT":"calendarconnectionv2","EVENTARC_CLOUD_EVENT_SOURCE":"projects/calendarconnectionv2/locations/us-central1/services/writeToCalendar","FUNCTION_TARGET":"writeToCalendar","LOG_EXECUTION_ID":"true","FUNCTION_SIGNATURE_TYPE":"http"},"maxInstanceCount":10,"ingressSettings":"ALLOW_ALL","uri":"https://writetocalendar-mfozvfk4lq-uc.a.run.app","serviceAccountEmail":"569488542917-compute@developer.gserviceaccount.com","availableMemory":"256Mi","allTrafficOnLatestRevision":true,"secretEnvironmentVariables":[{"key":"GOOGLE_CLIENT_ID","projectId":"calendarconnectionv2","secret":"GOOGLE_CLIENT_ID","version":"2"},{"key":"GOOGLE_CLIENT_SECRET","projectId":"calendarconnectionv2","secret":"GOOGLE_CLIENT_SECRET","version":"2"},{"key":"GOOGLE_REFRESH_TOKEN","projectId":"calendarconnectionv2","secret":"GOOGLE_REFRESH_TOKEN","version":"3"}],"revision":"writetocalendar-00034-lot","maxInstanceRequestConcurrency":80,"availableCpu":"1"},"state":"ACTIVE","updateTime":"2026-05-07T03:47:36.748020071Z","labels":{"deployment-tool":"cli-firebase","firebase-functions-hash":"57912ff3cdec501963d58d5c9a8bade9b93b571a"},"environment":"GEN_2","url":"https://us-central1-calendarconnectionv2.cloudfunctions.net/writeToCalendar","createTime":"2025-11-19T02:12:10.828257865Z","satisfiesPzi":true},{"name":"projects/calendarconnectionv2/locations/us-central1/functions/updateEPLSchedule","buildConfig":{"build":"projects/569488542917/locations/us-central1/builds/572a95c7-2b83-4e10-9499-fd1a940b1637","runtime":"nodejs22","entryPoint":"updateEPLSchedule","source":{"storageSource":{"bucket":"gcf-v2-sources-569488542917-us-central1","object":"updateEPLSchedule/function-source.zip","generation":"1778125623396984"}},"environmentVariables":{"GOOGLE_NODE_RUN_SCRIPTS":""},"dockerRepository":"projects/calendarconnectionv2/locations/us-central1/repositories/gcf-artifacts","sourceProvenance":{"resolvedStorageSource":{"bucket":"gcf-v2-sources-569488542917-us-central1","object":"updateEPLSchedule/function-source.zip","generation":"1778125623396984"}},"dockerRegistry":"ARTIFACT_REGISTRY","serviceAccount":"projects/calendarconnectionv2/serviceAccounts/569488542917-compute@developer.gserviceaccount.com","automaticUpdatePolicy":{}},"serviceConfig":{"service":"projects/calendarconnectionv2/locations/us-central1/services/updateeplschedule","timeoutSeconds":60,"environmentVariables":{"CALENDAR_ID_1":"primary","CALENDAR_ID_2":"your-second-calendar-id@group.calendar.google.com","FIREBASE_CONFIG":"{\"projectId\":\"calendarconnectionv2\",\"storageBucket\":\"calendarconnectionv2.firebasestorage.app\"}","GCLOUD_PROJECT":"calendarconnectionv2","EVENTARC_CLOUD_EVENT_SOURCE":"projects/calendarconnectionv2/locations/us-central1/services/updateEPLSchedule","FUNCTION_TARGET":"updateEPLSchedule","LOG_EXECUTION_ID":"true","FUNCTION_SIGNATURE_TYPE":"http"},"maxInstanceCount":10,"ingressSettings":"ALLOW_ALL","uri":"https://updateeplschedule-mfozvfk4lq-uc.a.run.app","serviceAccountEmail":"569488542917-compute@developer.gserviceaccount.com","availableMemory":"256Mi","allTrafficOnLatestRevision":true,"secretEnvironmentVariables":[{"key":"GOOGLE_CLIENT_ID","projectId":"calendarconnectionv2","secret":"GOOGLE_CLIENT_ID","version":"2"},{"key":"GOOGLE_CLIENT_SECRET","projectId":"calendarconnectionv2","secret":"GOOGLE_CLIENT_SECRET","version":"2"},{"key":"GOOGLE_REFRESH_TOKEN","projectId":"calendarconnectionv2","secret":"GOOGLE_REFRESH_TOKEN","version":"3"}],"revision":"updateeplschedule-00035-fos","maxInstanceRequestConcurrency":80,"availableCpu":"1"},"state":"ACTIVE","updateTime":"2026-05-07T03:47:36.632329654Z","labels":{"deployment-tool":"cli-firebase","deployment-callable":"true","firebase-functions-hash":"57912ff3cdec501963d58d5c9a8bade9b93b571a"},"environment":"GEN_2","url":"https://us-central1-calendarconnectionv2.cloudfunctions.net/updateEPLSchedule","createTime":"2025-11-19T02:35:10.944682171Z","satisfiesPzi":true},{"name":"projects/calendarconnectionv2/locations/us-central1/functions/applyScheduleTemplate","buildConfig":{"build":"projects/569488542917/locations/us-central1/builds/572a95c7-2b83-4e10-9499-fd1a940b1637","runtime":"nodejs22","entryPoint":"applyScheduleTemplate","source":{"storageSource":{"bucket":"gcf-v2-sources-569488542917-us-central1","object":"applyScheduleTemplate/function-source.zip","generation":"1778125623275034"}},"environmentVariables":{"GOOGLE_NODE_RUN_SCRIPTS":""},"dockerRepository":"projects/calendarconnectionv2/locations/us-central1/repositories/gcf-artifacts","sourceProvenance":{"resolvedStorageSource":{"bucket":"gcf-v2-sources-569488542917-us-central1","object":"applyScheduleTemplate/function-source.zip","generation":"1778125623275034"}},"dockerRegistry":"ARTIFACT_REGISTRY","serviceAccount":"projects/calendarconnectionv2/serviceAccounts/569488542917-compute@developer.gserviceaccount.com","automaticUpdatePolicy":{}},"serviceConfig":{"service":"projects/calendarconnectionv2/locations/us-central1/services/applyscheduletemplate","timeoutSeconds":300,"environmentVariables":{"CALENDAR_ID_1":"primary","CALENDAR_ID_2":"your-second-calendar-id@group.calendar.google.com","FIREBASE_CONFIG":"{\"projectId\":\"calendarconnectionv2\",\"storageBucket\":\"calendarconnectionv2.firebasestorage.app\"}","GCLOUD_PROJECT":"calendarconnectionv2","EVENTARC_CLOUD_EVENT_SOURCE":"projects/calendarconnectionv2/locations/us-central1/services/applyScheduleTemplate","FUNCTION_TARGET":"applyScheduleTemplate","LOG_EXECUTION_ID":"true","FUNCTION_SIGNATURE_TYPE":"http"},"maxInstanceCount":10,"ingressSettings":"ALLOW_ALL","uri":"https://applyscheduletemplate-mfozvfk4lq-uc.a.run.app","serviceAccountEmail":"569488542917-compute@developer.gserviceaccount.com","availableMemory":"256Mi","allTrafficOnLatestRevision":true,"secretEnvironmentVariables":[{"key":"GOOGLE_CLIENT_ID","projectId":"calendarconnectionv2","secret":"GOOGLE_CLIENT_ID","version":"2"},{"key":"GOOGLE_CLIENT_SECRET","projectId":"calendarconnectionv2","secret":"GOOGLE_CLIENT_SECRET","version":"2"},{"key":"GOOGLE_REFRESH_TOKEN","projectId":"calendarconnectionv2","secret":"GOOGLE_REFRESH_TOKEN","version":"3"}],"revision":"applyscheduletemplate-00013-vux","maxInstanceRequestConcurrency":80,"availableCpu":"1"},"state":"ACTIVE","updateTime":"2026-05-07T03:47:35.544905767Z","labels":{"deployment-tool":"cli-firebase","deployment-callable":"true","firebase-functions-hash":"57912ff3cdec501963d58d5c9a8bade9b93b571a"},"environment":"GEN_2","url":"https://us-central1-calendarconnectionv2.cloudfunctions.net/applyScheduleTemplate","createTime":"2026-02-17T02:43:21.097976209Z","satisfiesPzi":true},{"name":"projects/calendarconnectionv2/locations/us-central1/functions/handleCombinedPayload","buildConfig":{"build":"projects/569488542917/locations/us-central1/builds/572a95c7-2b83-4e10-9499-fd1a940b1637","runtime":"nodejs22","entryPoint":"handleCombinedPayload","source":{"storageSource":{"bucket":"gcf-v2-sources-569488542917-us-central1","object":"handleCombinedPayload/function-source.zip","generation":"1778125623324484"}},"environmentVariables":{"GOOGLE_NODE_RUN_SCRIPTS":""},"dockerRepository":"projects/calendarconnectionv2/locations/us-central1/repositories/gcf-artifacts","sourceProvenance":{"resolvedStorageSource":{"bucket":"gcf-v2-sources-569488542917-us-central1","object":"handleCombinedPayload/function-source.zip","generation":"1778125623324484"}},"dockerRegistry":"ARTIFACT_REGISTRY","serviceAccount":"projects/calendarconnectionv2/serviceAccounts/569488542917-compute@developer.gserviceaccount.com","automaticUpdatePolicy":{}},"serviceConfig":{"service":"projects/calendarconnectionv2/locations/us-central1/services/handlecombinedpayload","timeoutSeconds":60,"environmentVariables":{"CALENDAR_ID_1":"primary","CALENDAR_ID_2":"your-second-calendar-id@group.calendar.google.com","FIREBASE_CONFIG":"{\"projectId\":\"calendarconnectionv2\",\"storageBucket\":\"calendarconnectionv2.firebasestorage.app\"}","GCLOUD_PROJECT":"calendarconnectionv2","EVENTARC_CLOUD_EVENT_SOURCE":"projects/calendarconnectionv2/locations/us-central1/services/handleCombinedPayload","FUNCTION_TARGET":"handleCombinedPayload","LOG_EXECUTION_ID":"true","FUNCTION_SIGNATURE_TYPE":"http"},"maxInstanceCount":10,"ingressSettings":"ALLOW_ALL","uri":"https://handlecombinedpayload-mfozvfk4lq-uc.a.run.app","serviceAccountEmail":"569488542917-compute@developer.gserviceaccount.com","availableMemory":"256Mi","allTrafficOnLatestRevision":true,"revision":"handlecombinedpayload-00006-jun","maxInstanceRequestConcurrency":80,"availableCpu":"1"},"state":"ACTIVE","updateTime":"2026-05-07T03:47:37.274781968Z","labels":{"deployment-tool":"cli-firebase","firebase-functions-hash":"6d317faeb1e88d98b558f9441b3ab2a279a6ae94"},"environment":"GEN_2","url":"https://us-central1-calendarconnectionv2.cloudfunctions.net/handleCombinedPayload","createTime":"2026-04-30T23:56:28.296512007Z","satisfiesPzi":true},{"name":"projects/calendarconnectionv2/locations/us-central1/functions/updateCalendarEvent","buildConfig":{"build":"projects/569488542917/locations/us-central1/builds/572a95c7-2b83-4e10-9499-fd1a940b1637","runtime":"nodejs22","entryPoint":"updateCalendarEvent","source":{"storageSource":{"bucket":"gcf-v2-sources-569488542917-us-central1","object":"updateCalendarEvent/function-source.zip","generation":"1778125623321704"}},"environmentVariables":{"GOOGLE_NODE_RUN_SCRIPTS":""},"dockerRepository":"projects/calendarconnectionv2/locations/us-central1/repositories/gcf-artifacts","sourceProvenance":{"resolvedStorageSource":{"bucket":"gcf-v2-sources-569488542917-us-central1","object":"updateCalendarEvent/function-source.zip","generation":"1778125623321704"}},"dockerRegistry":"ARTIFACT_REGISTRY","serviceAccount":"projects/calendarconnectionv2/serviceAccounts/569488542917-compute@developer.gserviceaccount.com","automaticUpdatePolicy":{}},"serviceConfig":{"service":"projects/calendarconnectionv2/locations/us-central1/services/updatecalendarevent","timeoutSeconds":60,"environmentVariables":{"CALENDAR_ID_1":"primary","CALENDAR_ID_2":"your-second-calendar-id@group.calendar.google.com","FIREBASE_CONFIG":"{\"projectId\":\"calendarconnectionv2\",\"storageBucket\":\"calendarconnectionv2.firebasestorage.app\"}","GCLOUD_PROJECT":"calendarconnectionv2","EVENTARC_CLOUD_EVENT_SOURCE":"projects/calendarconnectionv2/locations/us-central1/services/updateCalendarEvent","FUNCTION_TARGET":"updateCalendarEvent","LOG_EXECUTION_ID":"true","FUNCTION_SIGNATURE_TYPE":"http"},"maxInstanceCount":10,"ingressSettings":"ALLOW_ALL","uri":"https://updatecalendarevent-mfozvfk4lq-uc.a.run.app","serviceAccountEmail":"569488542917-compute@developer.gserviceaccount.com","availableMemory":"256Mi","allTrafficOnLatestRevision":true,"secretEnvironmentVariables":[{"key":"GOOGLE_CLIENT_ID","projectId":"calendarconnectionv2","secret":"GOOGLE_CLIENT_ID","version":"2"},{"key":"GOOGLE_CLIENT_SECRET","projectId":"calendarconnectionv2","secret":"GOOGLE_CLIENT_SECRET","version":"2"},{"key":"GOOGLE_REFRESH_TOKEN","projectId":"calendarconnectionv2","secret":"GOOGLE_REFRESH_TOKEN","version":"3"}],"revision":"updatecalendarevent-00034-mub","maxInstanceRequestConcurrency":80,"availableCpu":"1"},"state":"ACTIVE","updateTime":"2026-05-07T03:47:34.669422062Z","labels":{"deployment-tool":"cli-firebase","firebase-functions-hash":"57912ff3cdec501963d58d5c9a8bade9b93b571a"},"environment":"GEN_2","url":"https://us-central1-calendarconnectionv2.cloudfunctions.net/updateCalendarEvent","createTime":"2025-11-19T02:14:55.380788001Z","satisfiesPzi":true},{"name":"projects/calendarconnectionv2/locations/us-central1/functions/saveUserNote","buildConfig":{"build":"projects/569488542917/locations/us-central1/builds/572a95c7-2b83-4e10-9499-fd1a940b1637","runtime":"nodejs22","entryPoint":"saveUserNote","source":{"storageSource":{"bucket":"gcf-v2-sources-569488542917-us-central1","object":"saveUserNote/function-source.zip","generation":"1778125623147326"}},"environmentVariables":{"GOOGLE_NODE_RUN_SCRIPTS":""},"dockerRepository":"projects/calendarconnectionv2/locations/us-central1/repositories/gcf-artifacts","sourceProvenance":{"resolvedStorageSource":{"bucket":"gcf-v2-sources-569488542917-us-central1","object":"saveUserNote/function-source.zip","generation":"1778125623147326"}},"dockerRegistry":"ARTIFACT_REGISTRY","serviceAccount":"projects/calendarconnectionv2/serviceAccounts/569488542917-compute@developer.gserviceaccount.com","automaticUpdatePolicy":{}},"serviceConfig":{"service":"projects/calendarconnectionv2/locations/us-central1/services/saveusernote","timeoutSeconds":60,"environmentVariables":{"CALENDAR_ID_1":"primary","CALENDAR_ID_2":"your-second-calendar-id@group.calendar.google.com","FIREBASE_CONFIG":"{\"projectId\":\"calendarconnectionv2\",\"storageBucket\":\"calendarconnectionv2.firebasestorage.app\"}","GCLOUD_PROJECT":"calendarconnectionv2","EVENTARC_CLOUD_EVENT_SOURCE":"projects/calendarconnectionv2/locations/us-central1/services/saveUserNote","FUNCTION_TARGET":"saveUserNote","LOG_EXECUTION_ID":"true","FUNCTION_SIGNATURE_TYPE":"http"},"maxInstanceCount":10,"ingressSettings":"ALLOW_ALL","uri":"https://saveusernote-mfozvfk4lq-uc.a.run.app","serviceAccountEmail":"569488542917-compute@developer.gserviceaccount.com","availableMemory":"256Mi","allTrafficOnLatestRevision":true,"revision":"saveusernote-00034-reb","maxInstanceRequestConcurrency":80,"availableCpu":"1"},"state":"ACTIVE","updateTime":"2026-05-07T03:47:36.895725108Z","labels":{"deployment-tool":"cli-firebase","deployment-callable":"true","firebase-functions-hash":"6d317faeb1e88d98b558f9441b3ab2a279a6ae94"},"environment":"GEN_2","url":"https://us-central1-calendarconnectionv2.cloudfunctions.net/saveUserNote","createTime":"2025-11-07T00:34:33.491643996Z","satisfiesPzi":true},{"name":"projects/calendarconnectionv2/locations/us-central1/functions/testScheduleSetup","buildConfig":{"build":"projects/569488542917/locations/us-central1/builds/572a95c7-2b83-4e10-9499-fd1a940b1637","runtime":"nodejs22","entryPoint":"testScheduleSetup","source":{"storageSource":{"bucket":"gcf-v2-sources-569488542917-us-central1","object":"testScheduleSetup/function-source.zip","generation":"1778125623361246"}},"environmentVariables":{"GOOGLE_NODE_RUN_SCRIPTS":""},"dockerRepository":"projects/calendarconnectionv2/locations/us-central1/repositories/gcf-artifacts","sourceProvenance":{"resolvedStorageSource":{"bucket":"gcf-v2-sources-569488542917-us-central1","object":"testScheduleSetup/function-source.zip","generation":"1778125623361246"}},"dockerRegistry":"ARTIFACT_REGISTRY","serviceAccount":"projects/calendarconnectionv2/serviceAccounts/569488542917-compute@developer.gserviceaccount.com","automaticUpdatePolicy":{}},"serviceConfig":{"service":"projects/calendarconnectionv2/locations/us-central1/services/testschedulesetup","timeoutSeconds":60,"environmentVariables":{"CALENDAR_ID_1":"primary","CALENDAR_ID_2":"your-second-calendar-id@group.calendar.google.com","FIREBASE_CONFIG":"{\"projectId\":\"calendarconnectionv2\",\"storageBucket\":\"calendarconnectionv2.firebasestorage.app\"}","GCLOUD_PROJECT":"calendarconnectionv2","EVENTARC_CLOUD_EVENT_SOURCE":"projects/calendarconnectionv2/locations/us-central1/services/testScheduleSetup","FUNCTION_TARGET":"testScheduleSetup","LOG_EXECUTION_ID":"true","FUNCTION_SIGNATURE_TYPE":"http"},"maxInstanceCount":10,"ingressSettings":"ALLOW_ALL","uri":"https://testschedulesetup-mfozvfk4lq-uc.a.run.app","serviceAccountEmail":"569488542917-compute@developer.gserviceaccount.com","availableMemory":"256Mi","allTrafficOnLatestRevision":true,"revision":"testschedulesetup-00033-qeg","maxInstanceRequestConcurrency":80,"availableCpu":"1"},"state":"ACTIVE","updateTime":"2026-05-07T03:47:36.445278275Z","labels":{"deployment-callable":"true","firebase-functions-hash":"6d317faeb1e88d98b558f9441b3ab2a279a6ae94","deployment-tool":"cli-firebase"},"environment":"GEN_2","url":"https://us-central1-calendarconnectionv2.cloudfunctions.net/testScheduleSetup","createTime":"2025-11-09T20:54:00.499268223Z","satisfiesPzi":true},{"name":"projects/calendarconnectionv2/locations/us-central1/functions/createAlertAndNotification","buildConfig":{"build":"projects/569488542917/locations/us-central1/builds/572a95c7-2b83-4e10-9499-fd1a940b1637","runtime":"nodejs22","entryPoint":"createAlertAndNotification","source":{"storageSource":{"bucket":"gcf-v2-sources-569488542917-us-central1","object":"createAlertAndNotification/function-source.zip","generation":"1778125623364898"}},"environmentVariables":{"GOOGLE_NODE_RUN_SCRIPTS":""},"dockerRepository":"projects/calendarconnectionv2/locations/us-central1/repositories/gcf-artifacts","sourceProvenance":{"resolvedStorageSource":{"bucket":"gcf-v2-sources-569488542917-us-central1","object":"createAlertAndNotification/function-source.zip","generation":"1778125623364898"}},"dockerRegistry":"ARTIFACT_REGISTRY","serviceAccount":"projects/calendarconnectionv2/serviceAccounts/569488542917-compute@developer.gserviceaccount.com","automaticUpdatePolicy":{}},"serviceConfig":{"service":"projects/calendarconnectionv2/locations/us-central1/services/createalertandnotification","timeoutSeconds":60,"environmentVariables":{"CALENDAR_ID_1":"primary","CALENDAR_ID_2":"your-second-calendar-id@group.calendar.google.com","FIREBASE_CONFIG":"{\"projectId\":\"calendarconnectionv2\",\"storageBucket\":\"calendarconnectionv2.firebasestorage.app\"}","GCLOUD_PROJECT":"calendarconnectionv2","EVENTARC_CLOUD_EVENT_SOURCE":"projects/calendarconnectionv2/locations/us-central1/services/createAlertAndNotification","FUNCTION_TARGET":"createAlertAndNotification","LOG_EXECUTION_ID":"true","FUNCTION_SIGNATURE_TYPE":"http"},"maxInstanceCount":10,"ingressSettings":"ALLOW_ALL","uri":"https://createalertandnotification-mfozvfk4lq-uc.a.run.app","serviceAccountEmail":"569488542917-compute@developer.gserviceaccount.com","availableMemory":"256Mi","allTrafficOnLatestRevision":true,"revision":"createalertandnotification-00006-mat","maxInstanceRequestConcurrency":80,"availableCpu":"1"},"state":"ACTIVE","updateTime":"2026-05-07T03:47:34.897571414Z","labels":{"deployment-tool":"cli-firebase","firebase-functions-hash":"6d317faeb1e88d98b558f9441b3ab2a279a6ae94"},"environment":"GEN_2","url":"https://us-central1-calendarconnectionv2.cloudfunctions.net/createAlertAndNotification","createTime":"2026-04-30T23:58:27.719647844Z","satisfiesPzi":true},{"name":"projects/calendarconnectionv2/locations/us-central1/functions/updateCFBSchedule","buildConfig":{"build":"projects/569488542917/locations/us-central1/builds/572a95c7-2b83-4e10-9499-fd1a940b1637","runtime":"nodejs22","entryPoint":"updateCFBSchedule","source":{"storageSource":{"bucket":"gcf-v2-sources-569488542917-us-central1","object":"updateCFBSchedule/function-source.zip","generation":"1778125623257119"}},"environmentVariables":{"GOOGLE_NODE_RUN_SCRIPTS":""},"dockerRepository":"projects/calendarconnectionv2/locations/us-central1/repositories/gcf-artifacts","sourceProvenance":{"resolvedStorageSource":{"bucket":"gcf-v2-sources-569488542917-us-central1","object":"updateCFBSchedule/function-source.zip","generation":"1778125623257119"}},"dockerRegistry":"ARTIFACT_REGISTRY","serviceAccount":"projects/calendarconnectionv2/serviceAccounts/569488542917-compute@developer.gserviceaccount.com","automaticUpdatePolicy":{}},"serviceConfig":{"service":"projects/calendarconnectionv2/locations/us-central1/services/updatecfbschedule","timeoutSeconds":60,"environmentVariables":{"CALENDAR_ID_1":"primary","CALENDAR_ID_2":"your-second-calendar-id@group.calendar.google.com","FIREBASE_CONFIG":"{\"projectId\":\"calendarconnectionv2\",\"storageBucket\":\"calendarconnectionv2.firebasestorage.app\"}","GCLOUD_PROJECT":"calendarconnectionv2","EVENTARC_CLOUD_EVENT_SOURCE":"projects/calendarconnectionv2/locations/us-central1/services/updateCFBSchedule","FUNCTION_TARGET":"updateCFBSchedule","LOG_EXECUTION_ID":"true","FUNCTION_SIGNATURE_TYPE":"http"},"maxInstanceCount":10,"ingressSettings":"ALLOW_ALL","uri":"https://updatecfbschedule-mfozvfk4lq-uc.a.run.app","serviceAccountEmail":"569488542917-compute@developer.gserviceaccount.com","availableMemory":"256Mi","allTrafficOnLatestRevision":true,"secretEnvironmentVariables":[{"key":"GOOGLE_CLIENT_ID","projectId":"calendarconnectionv2","secret":"GOOGLE_CLIENT_ID","version":"2"},{"key":"GOOGLE_CLIENT_SECRET","projectId":"calendarconnectionv2","secret":"GOOGLE_CLIENT_SECRET","version":"2"},{"key":"GOOGLE_REFRESH_TOKEN","projectId":"calendarconnectionv2","secret":"GOOGLE_REFRESH_TOKEN","version":"3"}],"revision":"updatecfbschedule-00025-kop","maxInstanceRequestConcurrency":80,"availableCpu":"1"},"state":"ACTIVE","updateTime":"2026-05-07T03:47:35.655810531Z","labels":{"deployment-tool":"cli-firebase","deployment-callable":"true","firebase-functions-hash":"57912ff3cdec501963d58d5c9a8bade9b93b571a"},"environment":"GEN_2","url":"https://us-central1-calendarconnectionv2.cloudfunctions.net/updateCFBSchedule","createTime":"2025-11-19T20:40:07.969414240Z","satisfiesPzi":true},{"name":"projects/calendarconnectionv2/locations/us-central1/functions/syncCalendar","buildConfig":{"build":"projects/569488542917/locations/us-central1/builds/572a95c7-2b83-4e10-9499-fd1a940b1637","runtime":"nodejs22","entryPoint":"syncCalendar","source":{"storageSource":{"bucket":"gcf-v2-sources-569488542917-us-central1","object":"syncCalendar/function-source.zip","generation":"1778125623324438"}},"environmentVariables":{"GOOGLE_NODE_RUN_SCRIPTS":""},"dockerRepository":"projects/calendarconnectionv2/locations/us-central1/repositories/gcf-artifacts","sourceProvenance":{"resolvedStorageSource":{"bucket":"gcf-v2-sources-569488542917-us-central1","object":"syncCalendar/function-source.zip","generation":"1778125623324438"}},"dockerRegistry":"ARTIFACT_REGISTRY","serviceAccount":"projects/calendarconnectionv2/serviceAccounts/569488542917-compute@developer.gserviceaccount.com","automaticUpdatePolicy":{}},"serviceConfig":{"service":"projects/calendarconnectionv2/locations/us-central1/services/synccalendar","timeoutSeconds":60,"environmentVariables":{"CALENDAR_ID_1":"primary","CALENDAR_ID_2":"your-second-calendar-id@group.calendar.google.com","FIREBASE_CONFIG":"{\"projectId\":\"calendarconnectionv2\",\"storageBucket\":\"calendarconnectionv2.firebasestorage.app\"}","GCLOUD_PROJECT":"calendarconnectionv2","EVENTARC_CLOUD_EVENT_SOURCE":"projects/calendarconnectionv2/locations/us-central1/services/syncCalendar","FUNCTION_TARGET":"syncCalendar","LOG_EXECUTION_ID":"true","FUNCTION_SIGNATURE_TYPE":"http"},"maxInstanceCount":10,"ingressSettings":"ALLOW_ALL","uri":"https://synccalendar-mfozvfk4lq-uc.a.run.app","serviceAccountEmail":"569488542917-compute@developer.gserviceaccount.com","availableMemory":"256Mi","allTrafficOnLatestRevision":true,"revision":"synccalendar-00032-vux","maxInstanceRequestConcurrency":80,"availableCpu":"1"},"state":"ACTIVE","updateTime":"2026-05-07T03:47:36.683066306Z","labels":{"firebase-functions-hash":"6d317faeb1e88d98b558f9441b3ab2a279a6ae94","deployment-tool":"cli-firebase","deployment-callable":"true"},"environment":"GEN_2","url":"https://us-central1-calendarconnectionv2.cloudfunctions.net/syncCalendar","createTime":"2025-11-19T02:14:55.623606477Z","satisfiesPzi":true},{"name":"projects/calendarconnectionv2/locations/us-central1/functions/getCalendarEvents","buildConfig":{"build":"projects/569488542917/locations/us-central1/builds/572a95c7-2b83-4e10-9499-fd1a940b1637","runtime":"nodejs22","entryPoint":"getCalendarEvents","source":{"storageSource":{"bucket":"gcf-v2-sources-569488542917-us-central1","object":"getCalendarEvents/function-source.zip","generation":"1778125623297283"}},"environmentVariables":{"GOOGLE_NODE_RUN_SCRIPTS":""},"dockerRepository":"projects/calendarconnectionv2/locations/us-central1/repositories/gcf-artifacts","sourceProvenance":{"resolvedStorageSource":{"bucket":"gcf-v2-sources-569488542917-us-central1","object":"getCalendarEvents/function-source.zip","generation":"1778125623297283"}},"dockerRegistry":"ARTIFACT_REGISTRY","serviceAccount":"projects/calendarconnectionv2/serviceAccounts/569488542917-compute@developer.gserviceaccount.com","automaticUpdatePolicy":{}},"serviceConfig":{"service":"projects/calendarconnectionv2/locations/us-central1/services/getcalendarevents","timeoutSeconds":60,"environmentVariables":{"CALENDAR_ID_1":"primary","CALENDAR_ID_2":"your-second-calendar-id@group.calendar.google.com","FIREBASE_CONFIG":"{\"projectId\":\"calendarconnectionv2\",\"storageBucket\":\"calendarconnectionv2.firebasestorage.app\"}","GCLOUD_PROJECT":"calendarconnectionv2","EVENTARC_CLOUD_EVENT_SOURCE":"projects/calendarconnectionv2/locations/us-central1/services/getCalendarEvents","FUNCTION_TARGET":"getCalendarEvents","LOG_EXECUTION_ID":"true","FUNCTION_SIGNATURE_TYPE":"http"},"maxInstanceCount":10,"ingressSettings":"ALLOW_ALL","uri":"https://getcalendarevents-mfozvfk4lq-uc.a.run.app","serviceAccountEmail":"569488542917-compute@developer.gserviceaccount.com","availableMemory":"256Mi","allTrafficOnLatestRevision":true,"revision":"getcalendarevents-00009-bov","maxInstanceRequestConcurrency":80,"availableCpu":"1"},"state":"ACTIVE","updateTime":"2026-05-07T03:47:36.136671872Z","labels":{"deployment-tool":"cli-firebase","firebase-functions-hash":"6d317faeb1e88d98b558f9441b3ab2a279a6ae94"},"environment":"GEN_2","url":"https://us-central1-calendarconnectionv2.cloudfunctions.net/getCalendarEvents","createTime":"2026-02-24T03:53:08.712724228Z","satisfiesPzi":true},{"name":"projects/calendarconnectionv2/locations/us-central1/functions/getUserData","buildConfig":{"build":"projects/569488542917/locations/us-central1/builds/572a95c7-2b83-4e10-9499-fd1a940b1637","runtime":"nodejs22","entryPoint":"getUserData","source":{"storageSource":{"bucket":"gcf-v2-sources-569488542917-us-central1","object":"getUserData/function-source.zip","generation":"1778125513473887"}},"environmentVariables":{"GOOGLE_NODE_RUN_SCRIPTS":""},"dockerRepository":"projects/calendarconnectionv2/locations/us-central1/repositories/gcf-artifacts","sourceProvenance":{"resolvedStorageSource":{"bucket":"gcf-v2-sources-569488542917-us-central1","object":"getUserData/function-source.zip","generation":"1778125513473887"}},"dockerRegistry":"ARTIFACT_REGISTRY","serviceAccount":"projects/calendarconnectionv2/serviceAccounts/569488542917-compute@developer.gserviceaccount.com","automaticUpdatePolicy":{}},"serviceConfig":{"service":"projects/calendarconnectionv2/locations/us-central1/services/getuserdata","timeoutSeconds":60,"environmentVariables":{"CALENDAR_ID_1":"primary","CALENDAR_ID_2":"your-second-calendar-id@group.calendar.google.com","FIREBASE_CONFIG":"{\"projectId\":\"calendarconnectionv2\",\"storageBucket\":\"calendarconnectionv2.firebasestorage.app\"}","GCLOUD_PROJECT":"calendarconnectionv2","EVENTARC_CLOUD_EVENT_SOURCE":"projects/calendarconnectionv2/locations/us-central1/services/getUserData","FUNCTION_TARGET":"getUserData","LOG_EXECUTION_ID":"true"},"maxInstanceCount":10,"ingressSettings":"ALLOW_ALL","uri":"https://getuserdata-mfozvfk4lq-uc.a.run.app","serviceAccountEmail":"569488542917-compute@developer.gserviceaccount.com","availableMemory":"256Mi","allTrafficOnLatestRevision":true,"revision":"getuserdata-00034-soh","maxInstanceRequestConcurrency":80,"availableCpu":"1"},"state":"ACTIVE","updateTime":"2026-05-07T03:47:27.479814840Z","labels":{"deployment-callable":"true","firebase-functions-hash":"6d317faeb1e88d98b558f9441b3ab2a279a6ae94","deployment-tool":"cli-firebase"},"environment":"GEN_2","url":"https://us-central1-calendarconnectionv2.cloudfunctions.net/getUserData","createTime":"2025-11-07T00:32:13.241700179Z","satisfiesPzi":true},{"name":"projects/calendarconnectionv2/locations/us-central1/functions/sendBatchPushNotification","buildConfig":{"build":"projects/569488542917/locations/us-central1/builds/572a95c7-2b83-4e10-9499-fd1a940b1637","runtime":"nodejs22","entryPoint":"sendBatchPushNotification","source":{"storageSource":{"bucket":"gcf-v2-sources-569488542917-us-central1","object":"sendBatchPushNotification/function-source.zip","generation":"1778125623231350"}},"environmentVariables":{"GOOGLE_NODE_RUN_SCRIPTS":""},"dockerRepository":"projects/calendarconnectionv2/locations/us-central1/repositories/gcf-artifacts","sourceProvenance":{"resolvedStorageSource":{"bucket":"gcf-v2-sources-569488542917-us-central1","object":"sendBatchPushNotification/function-source.zip","generation":"1778125623231350"}},"dockerRegistry":"ARTIFACT_REGISTRY","serviceAccount":"projects/calendarconnectionv2/serviceAccounts/569488542917-compute@developer.gserviceaccount.com","automaticUpdatePolicy":{}},"serviceConfig":{"service":"projects/calendarconnectionv2/locations/us-central1/services/sendbatchpushnotification","timeoutSeconds":60,"environmentVariables":{"CALENDAR_ID_1":"primary","CALENDAR_ID_2":"your-second-calendar-id@group.calendar.google.com","FIREBASE_CONFIG":"{\"projectId\":\"calendarconnectionv2\",\"storageBucket\":\"calendarconnectionv2.firebasestorage.app\"}","GCLOUD_PROJECT":"calendarconnectionv2","EVENTARC_CLOUD_EVENT_SOURCE":"projects/calendarconnectionv2/locations/us-central1/services/sendBatchPushNotification","FUNCTION_TARGET":"sendBatchPushNotification","LOG_EXECUTION_ID":"true","FUNCTION_SIGNATURE_TYPE":"http"},"maxInstanceCount":10,"ingressSettings":"ALLOW_ALL","uri":"https://sendbatchpushnotification-mfozvfk4lq-uc.a.run.app","serviceAccountEmail":"569488542917-compute@developer.gserviceaccount.com","availableMemory":"256Mi","allTrafficOnLatestRevision":true,"revision":"sendbatchpushnotification-00024-cus","maxInstanceRequestConcurrency":80,"availableCpu":"1"},"state":"ACTIVE","updateTime":"2026-05-07T03:47:37.211088865Z","labels":{"firebase-functions-hash":"6d317faeb1e88d98b558f9441b3ab2a279a6ae94","deployment-tool":"cli-firebase","deployment-callable":"true"},"environment":"GEN_2","url":"https://us-central1-calendarconnectionv2.cloudfunctions.net/sendBatchPushNotification","createTime":"2025-11-20T00:03:18.090341115Z","satisfiesPzi":true},{"name":"projects/calendarconnectionv2/locations/us-central1/functions/manualUpdateSchedules","buildConfig":{"build":"projects/569488542917/locations/us-central1/builds/572a95c7-2b83-4e10-9499-fd1a940b1637","runtime":"nodejs22","entryPoint":"manualUpdateSchedules","source":{"storageSource":{"bucket":"gcf-v2-sources-569488542917-us-central1","object":"manualUpdateSchedules/function-source.zip","generation":"1778125623260093"}},"environmentVariables":{"GOOGLE_NODE_RUN_SCRIPTS":""},"dockerRepository":"projects/calendarconnectionv2/locations/us-central1/repositories/gcf-artifacts","sourceProvenance":{"resolvedStorageSource":{"bucket":"gcf-v2-sources-569488542917-us-central1","object":"manualUpdateSchedules/function-source.zip","generation":"1778125623260093"}},"dockerRegistry":"ARTIFACT_REGISTRY","serviceAccount":"projects/calendarconnectionv2/serviceAccounts/569488542917-compute@developer.gserviceaccount.com","automaticUpdatePolicy":{}},"serviceConfig":{"service":"projects/calendarconnectionv2/locations/us-central1/services/manualupdateschedules","timeoutSeconds":60,"environmentVariables":{"CALENDAR_ID_1":"primary","CALENDAR_ID_2":"your-second-calendar-id@group.calendar.google.com","FIREBASE_CONFIG":"{\"projectId\":\"calendarconnectionv2\",\"storageBucket\":\"calendarconnectionv2.firebasestorage.app\"}","GCLOUD_PROJECT":"calendarconnectionv2","EVENTARC_CLOUD_EVENT_SOURCE":"projects/calendarconnectionv2/locations/us-central1/services/manualUpdateSchedules","FUNCTION_TARGET":"manualUpdateSchedules","LOG_EXECUTION_ID":"true","FUNCTION_SIGNATURE_TYPE":"http"},"maxInstanceCount":10,"ingressSettings":"ALLOW_ALL","uri":"https://manualupdateschedules-mfozvfk4lq-uc.a.run.app","serviceAccountEmail":"569488542917-compute@developer.gserviceaccount.com","availableMemory":"256Mi","allTrafficOnLatestRevision":true,"revision":"manualupdateschedules-00033-puc","maxInstanceRequestConcurrency":80,"availableCpu":"1"},"state":"ACTIVE","updateTime":"2026-05-07T03:47:35.532524374Z","labels":{"deployment-callable":"true","firebase-functions-hash":"6d317faeb1e88d98b558f9441b3ab2a279a6ae94","deployment-tool":"cli-firebase"},"environment":"GEN_2","url":"https://us-central1-calendarconnectionv2.cloudfunctions.net/manualUpdateSchedules","createTime":"2025-11-09T20:51:59.414436773Z","satisfiesPzi":true},{"name":"projects/calendarconnectionv2/locations/us-central1/functions/sendPushNotification","buildConfig":{"build":"projects/569488542917/locations/us-central1/builds/572a95c7-2b83-4e10-9499-fd1a940b1637","runtime":"nodejs22","entryPoint":"sendPushNotification","source":{"storageSource":{"bucket":"gcf-v2-sources-569488542917-us-central1","object":"sendPushNotification/function-source.zip","generation":"1778125623438287"}},"environmentVariables":{"GOOGLE_NODE_RUN_SCRIPTS":""},"dockerRepository":"projects/calendarconnectionv2/locations/us-central1/repositories/gcf-artifacts","sourceProvenance":{"resolvedStorageSource":{"bucket":"gcf-v2-sources-569488542917-us-central1","object":"sendPushNotification/function-source.zip","generation":"1778125623438287"}},"dockerRegistry":"ARTIFACT_REGISTRY","serviceAccount":"projects/calendarconnectionv2/serviceAccounts/569488542917-compute@developer.gserviceaccount.com","automaticUpdatePolicy":{}},"serviceConfig":{"service":"projects/calendarconnectionv2/locations/us-central1/services/sendpushnotification","timeoutSeconds":60,"environmentVariables":{"CALENDAR_ID_1":"primary","CALENDAR_ID_2":"your-second-calendar-id@group.calendar.google.com","FIREBASE_CONFIG":"{\"projectId\":\"calendarconnectionv2\",\"storageBucket\":\"calendarconnectionv2.firebasestorage.app\"}","GCLOUD_PROJECT":"calendarconnectionv2","EVENTARC_CLOUD_EVENT_SOURCE":"projects/calendarconnectionv2/locations/us-central1/services/sendPushNotification","FUNCTION_TARGET":"sendPushNotification","LOG_EXECUTION_ID":"true","FUNCTION_SIGNATURE_TYPE":"http"},"maxInstanceCount":10,"ingressSettings":"ALLOW_ALL","uri":"https://sendpushnotification-mfozvfk4lq-uc.a.run.app","serviceAccountEmail":"569488542917-compute@developer.gserviceaccount.com","availableMemory":"256Mi","allTrafficOnLatestRevision":true,"revision":"sendpushnotification-00026-kec","maxInstanceRequestConcurrency":80,"availableCpu":"1"},"state":"ACTIVE","updateTime":"2026-05-07T03:47:36.374913166Z","labels":{"deployment-tool":"cli-firebase","deployment-callable":"true","firebase-functions-hash":"6d317faeb1e88d98b558f9441b3ab2a279a6ae94"},"environment":"GEN_2","url":"https://us-central1-calendarconnectionv2.cloudfunctions.net/sendPushNotification","createTime":"2025-11-20T00:00:56.804853810Z","satisfiesPzi":true},{"name":"projects/calendarconnectionv2/locations/us-central1/functions/voiceTest","buildConfig":{"build":"projects/569488542917/locations/us-central1/builds/572a95c7-2b83-4e10-9499-fd1a940b1637","runtime":"nodejs22","entryPoint":"voiceTest","source":{"storageSource":{"bucket":"gcf-v2-sources-569488542917-us-central1","object":"voiceTest/function-source.zip","generation":"1778125623330006"}},"environmentVariables":{"GOOGLE_NODE_RUN_SCRIPTS":""},"dockerRepository":"projects/calendarconnectionv2/locations/us-central1/repositories/gcf-artifacts","sourceProvenance":{"resolvedStorageSource":{"bucket":"gcf-v2-sources-569488542917-us-central1","object":"voiceTest/function-source.zip","generation":"1778125623330006"}},"dockerRegistry":"ARTIFACT_REGISTRY","serviceAccount":"projects/calendarconnectionv2/serviceAccounts/569488542917-compute@developer.gserviceaccount.com","automaticUpdatePolicy":{}},"serviceConfig":{"service":"projects/calendarconnectionv2/locations/us-central1/services/voicetest","timeoutSeconds":60,"environmentVariables":{"CALENDAR_ID_1":"primary","CALENDAR_ID_2":"your-second-calendar-id@group.calendar.google.com","FIREBASE_CONFIG":"{\"projectId\":\"calendarconnectionv2\",\"storageBucket\":\"calendarconnectionv2.firebasestorage.app\"}","GCLOUD_PROJECT":"calendarconnectionv2","EVENTARC_CLOUD_EVENT_SOURCE":"projects/calendarconnectionv2/locations/us-central1/services/voiceTest","FUNCTION_TARGET":"voiceTest","LOG_EXECUTION_ID":"true","FUNCTION_SIGNATURE_TYPE":"http"},"maxInstanceCount":10,"ingressSettings":"ALLOW_ALL","uri":"https://voicetest-mfozvfk4lq-uc.a.run.app","serviceAccountEmail":"569488542917-compute@developer.gserviceaccount.com","availableMemory":"256Mi","allTrafficOnLatestRevision":true,"revision":"voicetest-00006-hef","maxInstanceRequestConcurrency":80,"availableCpu":"1"},"state":"ACTIVE","updateTime":"2026-05-07T03:47:36.555712248Z","labels":{"deployment-tool":"cli-firebase","firebase-functions-hash":"6d317faeb1e88d98b558f9441b3ab2a279a6ae94"},"environment":"GEN_2","url":"https://us-central1-calendarconnectionv2.cloudfunctions.net/voiceTest","createTime":"2026-04-29T22:40:19.517989787Z","satisfiesPzi":true},{"name":"projects/calendarconnectionv2/locations/us-central1/functions/addWorkout","buildConfig":{"build":"projects/569488542917/locations/us-central1/builds/572a95c7-2b83-4e10-9499-fd1a940b1637","runtime":"nodejs22","entryPoint":"addWorkout","source":{"storageSource":{"bucket":"gcf-v2-sources-569488542917-us-central1","object":"addWorkout/function-source.zip","generation":"1778125623254827"}},"environmentVariables":{"GOOGLE_NODE_RUN_SCRIPTS":""},"dockerRepository":"projects/calendarconnectionv2/locations/us-central1/repositories/gcf-artifacts","sourceProvenance":{"resolvedStorageSource":{"bucket":"gcf-v2-sources-569488542917-us-central1","object":"addWorkout/function-source.zip","generation":"1778125623254827"}},"dockerRegistry":"ARTIFACT_REGISTRY","serviceAccount":"projects/calendarconnectionv2/serviceAccounts/569488542917-compute@developer.gserviceaccount.com","automaticUpdatePolicy":{}},"serviceConfig":{"service":"projects/calendarconnectionv2/locations/us-central1/services/addworkout","timeoutSeconds":60,"environmentVariables":{"CALENDAR_ID_1":"primary","CALENDAR_ID_2":"your-second-calendar-id@group.calendar.google.com","FIREBASE_CONFIG":"{\"projectId\":\"calendarconnectionv2\",\"storageBucket\":\"calendarconnectionv2.firebasestorage.app\"}","GCLOUD_PROJECT":"calendarconnectionv2","EVENTARC_CLOUD_EVENT_SOURCE":"projects/calendarconnectionv2/locations/us-central1/services/addWorkout","FUNCTION_TARGET":"addWorkout","LOG_EXECUTION_ID":"true","FUNCTION_SIGNATURE_TYPE":"http"},"maxInstanceCount":10,"ingressSettings":"ALLOW_ALL","uri":"https://addworkout-mfozvfk4lq-uc.a.run.app","serviceAccountEmail":"569488542917-compute@developer.gserviceaccount.com","availableMemory":"256Mi","allTrafficOnLatestRevision":true,"secretEnvironmentVariables":[{"key":"GOOGLE_CLIENT_ID","projectId":"calendarconnectionv2","secret":"GOOGLE_CLIENT_ID","version":"2"},{"key":"GOOGLE_CLIENT_SECRET","projectId":"calendarconnectionv2","secret":"GOOGLE_CLIENT_SECRET","version":"2"},{"key":"GOOGLE_REFRESH_TOKEN","projectId":"calendarconnectionv2","secret":"GOOGLE_REFRESH_TOKEN","version":"3"}],"revision":"addworkout-00021-cej","maxInstanceRequestConcurrency":80,"availableCpu":"1"},"state":"ACTIVE","updateTime":"2026-05-07T03:47:35.457461449Z","labels":{"deployment-tool":"cli-firebase","firebase-functions-hash":"57912ff3cdec501963d58d5c9a8bade9b93b571a"},"environment":"GEN_2","url":"https://us-central1-calendarconnectionv2.cloudfunctions.net/addWorkout","createTime":"2026-01-31T19:27:03.178205666Z","satisfiesPzi":true},{"name":"projects/calendarconnectionv2/locations/us-central1/functions/echoMessage","buildConfig":{"build":"projects/569488542917/locations/us-central1/builds/572a95c7-2b83-4e10-9499-fd1a940b1637","runtime":"nodejs22","entryPoint":"echoMessage","source":{"storageSource":{"bucket":"gcf-v2-sources-569488542917-us-central1","object":"echoMessage/function-source.zip","generation":"1778125623327410"}},"environmentVariables":{"GOOGLE_NODE_RUN_SCRIPTS":""},"dockerRepository":"projects/calendarconnectionv2/locations/us-central1/repositories/gcf-artifacts","sourceProvenance":{"resolvedStorageSource":{"bucket":"gcf-v2-sources-569488542917-us-central1","object":"echoMessage/function-source.zip","generation":"1778125623327410"}},"dockerRegistry":"ARTIFACT_REGISTRY","serviceAccount":"projects/calendarconnectionv2/serviceAccounts/569488542917-compute@developer.gserviceaccount.com","automaticUpdatePolicy":{}},"serviceConfig":{"service":"projects/calendarconnectionv2/locations/us-central1/services/echomessage","timeoutSeconds":60,"environmentVariables":{"CALENDAR_ID_1":"primary","CALENDAR_ID_2":"your-second-calendar-id@group.calendar.google.com","FIREBASE_CONFIG":"{\"projectId\":\"calendarconnectionv2\",\"storageBucket\":\"calendarconnectionv2.firebasestorage.app\"}","GCLOUD_PROJECT":"calendarconnectionv2","EVENTARC_CLOUD_EVENT_SOURCE":"projects/calendarconnectionv2/locations/us-central1/services/echoMessage","FUNCTION_TARGET":"echoMessage","LOG_EXECUTION_ID":"true","FUNCTION_SIGNATURE_TYPE":"http"},"maxInstanceCount":10,"ingressSettings":"ALLOW_ALL","uri":"https://echomessage-mfozvfk4lq-uc.a.run.app","serviceAccountEmail":"569488542917-compute@developer.gserviceaccount.com","availableMemory":"256Mi","allTrafficOnLatestRevision":true,"revision":"echomessage-00034-vuc","maxInstanceRequestConcurrency":80,"availableCpu":"1"},"state":"ACTIVE","updateTime":"2026-05-07T03:47:32.207271932Z","labels":{"deployment-tool":"cli-firebase","firebase-functions-hash":"6d317faeb1e88d98b558f9441b3ab2a279a6ae94"},"environment":"GEN_2","url":"https://us-central1-calendarconnectionv2.cloudfunctions.net/echoMessage","createTime":"2025-11-07T00:34:33.497900564Z","satisfiesPzi":true}]}
[info] i  functions: ensuring required API cloudscheduler.googleapis.com is enabled... 
[info] i  functions: ensuring required API run.googleapis.com is enabled... 
[info] i  functions: ensuring required API eventarc.googleapis.com is enabled... 
[info] i  functions: ensuring required API pubsub.googleapis.com is enabled... 
[info] i  functions: ensuring required API storage.googleapis.com is enabled... 
[info] i  functions: generating the service identity for pubsub.googleapis.com... 
[debug] [2026-05-08T02:48:05.746Z] Checked if tokens are valid: true, expires at: 1778212074547
[debug] [2026-05-08T02:48:05.746Z] Checked if tokens are valid: true, expires at: 1778212074547
[info] i  functions: generating the service identity for eventarc.googleapis.com... 
[debug] [2026-05-08T02:48:05.746Z] Checked if tokens are valid: true, expires at: 1778212074547
[debug] [2026-05-08T02:48:05.746Z] Checked if tokens are valid: true, expires at: 1778212074547
[debug] [2026-05-08T02:48:05.747Z] >>> [apiv2][query] POST https://serviceusage.googleapis.com/v1beta1/projects/569488542917/services/pubsub.googleapis.com:generateServiceIdentity [none]
[debug] [2026-05-08T02:48:05.747Z] >>> [apiv2][(partial)header] POST https://serviceusage.googleapis.com/v1beta1/projects/569488542917/services/pubsub.googleapis.com:generateServiceIdentity  x-goog-user-project=569488542917
[debug] [2026-05-08T02:48:05.747Z] >>> [apiv2][body] POST https://serviceusage.googleapis.com/v1beta1/projects/569488542917/services/pubsub.googleapis.com:generateServiceIdentity {}
[debug] [2026-05-08T02:48:05.748Z] >>> [apiv2][query] POST https://serviceusage.googleapis.com/v1beta1/projects/569488542917/services/eventarc.googleapis.com:generateServiceIdentity [none]
[debug] [2026-05-08T02:48:05.748Z] >>> [apiv2][(partial)header] POST https://serviceusage.googleapis.com/v1beta1/projects/569488542917/services/eventarc.googleapis.com:generateServiceIdentity  x-goog-user-project=569488542917
[debug] [2026-05-08T02:48:05.748Z] >>> [apiv2][body] POST https://serviceusage.googleapis.com/v1beta1/projects/569488542917/services/eventarc.googleapis.com:generateServiceIdentity {}
